==29195== Memcheck, a memory error detector
==29195== Copyright (C) 2002-2017, and GNU GPL'd, by Julian Seward et al.
==29195== Using Valgrind-3.13.0 and LibVEX; rerun with -h for copyright info
==29195== Command: /rhome/j/jhasanovic1/workspace/OR/ZSR4/Z8/.runme
==29195== Parent PID: 29182
==29195== 
==29195== 
==29195== Process terminating with default action of signal 24 (SIGXCPU): dumping core
==29195==    at 0x514E152: write (write.c:27)
==29195==    by 0x50C91BC: _IO_file_write@@GLIBC_2.2.5 (fileops.c:1203)
==29195==    by 0x50CAF50: new_do_write (fileops.c:457)
==29195==    by 0x50CAF50: _IO_do_write@@GLIBC_2.2.5 (fileops.c:433)
==29195==    by 0x50CB402: _IO_file_overflow@@GLIBC_2.2.5 (fileops.c:798)
==29195==    by 0x50C08F4: putchar (putchar.c:28)
==29195==    by 0x1087D6: main (main.c:20)
==29195== 
==29195== HEAP SUMMARY:
==29195==     in use at exit: 0 bytes in 0 blocks
==29195==   total heap usage: 1 allocs, 1 frees, 1,024 bytes allocated
==29195== 
==29195== All heap blocks were freed -- no leaks are possible
==29195== 
==29195== For counts of detected and suppressed errors, rerun with: -v
==29195== ERROR SUMMARY: 0 errors from 0 contexts (suppressed: 0 from 0)
