[New LWP 26814]
Core was generated by `'.
Program terminated with signal SIGXCPU, CPU time limit exceeded.
#0  0x0000000000108857 in ?? ()
#0  0x0000000000108857 in ?? ()
#1  0xc187633ae0000000 in ?? ()
#2  0x0000000400000000 in ?? ()
#3  0x0000001fff0008f0 in ?? ()
#4  0x0000001fff000900 in ?? ()
#5  0x000000000503ce08 in ?? ()
#6  0x000000000da00000 in ?? ()
#7  0x0000001fff000290 in ?? ()
#8  0x0000001fff000290 in ?? ()
#9  0xc187633ae0000000 in ?? ()
#10 0x4000000000000000 in ?? ()
#11 0x4008000000000000 in ?? ()
#12 0x4010000000000000 in ?? ()
#13 0x4008000000000000 in ?? ()
#14 0x4008000000000000 in ?? ()
#15 0x4000000000000000 in ?? ()
#16 0x4000000000000000 in ?? ()
#17 0x000000046474e552 in ?? ()
#18 0x00000000001e7620 in ?? ()
#19 0x00000000003e7620 in ?? ()
#20 0x00000000003e7620 in ?? ()
#21 0x00000000000039e0 in ?? ()
#22 0x00000000000039e0 in ?? ()
#23 0x0000000000000001 in ?? ()
#24 0x0000001400000004 in ?? ()
#25 0x00554e4700000003 in ?? ()
#26 0x06cfc57cbac017b4 in ?? ()
#27 0xb9ed2c65d6bed1d1 in ?? ()
#28 0x00000004d0603c25 in ?? ()
#29 0x0000000100000010 in ?? ()
#30 0x0000000000554e47 in ?? ()
#31 0x000000000503ce08 in ?? ()
#32 0x000000000400e848 in ?? ()
#33 0x0000000004027a80 in ?? ()
#34 0x0000000000000000 in ?? ()
