==9527== Memcheck, a memory error detector
==9527== Copyright (C) 2002-2017, and GNU GPL'd, by Julian Seward et al.
==9527== Using Valgrind-3.13.0 and LibVEX; rerun with -h for copyright info
==9527== Command: /rhome/j/jhasanovic1/workspace/OR/ZSR6/Z3/.runme
==9527== Parent PID: 9514
==9527== 
==9527== 
==9527== Process terminating with default action of signal 15 (SIGTERM)
==9527==    at 0x514E081: read (read.c:27)
==9527==    by 0x50CB147: _IO_file_underflow@@GLIBC_2.2.5 (fileops.c:531)
==9527==    by 0x50CC3F1: _IO_default_uflow (genops.c:380)
==9527==    by 0x50A9BE9: _IO_vfscanf (vfscanf.c:630)
==9527==    by 0x50B9FD7: __isoc99_scanf (isoc99_scanf.c:37)
==9527==    by 0x1087F9: main (main.c:9)
==9527== 
==9527== HEAP SUMMARY:
==9527==     in use at exit: 0 bytes in 0 blocks
==9527==   total heap usage: 1 allocs, 1 frees, 1,024 bytes allocated
==9527== 
==9527== All heap blocks were freed -- no leaks are possible
==9527== 
==9527== For counts of detected and suppressed errors, rerun with: -v
==9527== ERROR SUMMARY: 0 errors from 0 contexts (suppressed: 0 from 0)
