==28755== Memcheck, a memory error detector
==28755== Copyright (C) 2002-2017, and GNU GPL'd, by Julian Seward et al.
==28755== Using Valgrind-3.13.0 and LibVEX; rerun with -h for copyright info
==28755== Command: /rhome/j/jhasanovic1/workspace/OR/ZSR11/Z10/.runme
==28755== Parent PID: 28751
==28755== 
==28755== Conditional jump or move depends on uninitialised value(s)
==28755==    at 0x10884B: funkcija (main.c:22)
==28755==    by 0x10897E: main (main.c:46)
==28755== 
==28755== Conditional jump or move depends on uninitialised value(s)
==28755==    at 0x10889E: funkcija (main.c:18)
==28755==    by 0x10897E: main (main.c:46)
==28755== 
==28755== 
==28755== HEAP SUMMARY:
==28755==     in use at exit: 0 bytes in 0 blocks
==28755==   total heap usage: 1 allocs, 1 frees, 1,024 bytes allocated
==28755== 
==28755== All heap blocks were freed -- no leaks are possible
==28755== 
==28755== For counts of detected and suppressed errors, rerun with: -v
==28755== Use --track-origins=yes to see where uninitialised values come from
==28755== ERROR SUMMARY: 43 errors from 2 contexts (suppressed: 0 from 0)
