==17425== Memcheck, a memory error detector
==17425== Copyright (C) 2002-2017, and GNU GPL'd, by Julian Seward et al.
==17425== Using Valgrind-3.13.0 and LibVEX; rerun with -h for copyright info
==17425== Command: /rhome/j/jhasanovic1/workspace/OR/Z4/Z1/.runme
==17425== Parent PID: 17411
==17425== 
==17425== Invalid read of size 1
==17425==    at 0x108C7A: nadji_zbir (main.c:61)
==17425==    by 0x108E28: razlike (main.c:111)
==17425==    by 0x109236: main (main.c:186)
==17425==  Address 0x0 is not stack'd, malloc'd or (recently) free'd
==17425== 
==17425== 
==17425== Process terminating with default action of signal 11 (SIGSEGV): dumping core
==17425==  Access not within mapped region at address 0x0
==17425==    at 0x108C7A: nadji_zbir (main.c:61)
==17425==    by 0x108E28: razlike (main.c:111)
==17425==    by 0x109236: main (main.c:186)
==17425==  If you believe this happened as a result of a stack
==17425==  overflow in your program's main thread (unlikely but
==17425==  possible), you can try to increase the size of the
==17425==  main thread stack using the --main-stacksize= flag.
==17425==  The main thread stack size used in this run was 8388608.
==17425== 
==17425== HEAP SUMMARY:
==17425==     in use at exit: 0 bytes in 0 blocks
==17425==   total heap usage: 0 allocs, 0 frees, 0 bytes allocated
==17425== 
==17425== All heap blocks were freed -- no leaks are possible
==17425== 
==17425== For counts of detected and suppressed errors, rerun with: -v
==17425== ERROR SUMMARY: 1 errors from 1 contexts (suppressed: 0 from 0)
