==19101== Memcheck, a memory error detector
==19101== Copyright (C) 2002-2017, and GNU GPL'd, by Julian Seward et al.
==19101== Using Valgrind-3.13.0 and LibVEX; rerun with -h for copyright info
==19101== Command: /rhome/j/jhasanovic1/workspace/OR/ZSR2/Z22/.runme
==19101== Parent PID: 19096
==19101== 
==19101== 
==19101== Process terminating with default action of signal 1 (SIGHUP)
==19101==    at 0x514E081: read (read.c:27)
==19101==    by 0x50CB147: _IO_file_underflow@@GLIBC_2.2.5 (fileops.c:531)
==19101==    by 0x50CC3F1: _IO_default_uflow (genops.c:380)
==19101==    by 0x50A9BE9: _IO_vfscanf (vfscanf.c:630)
==19101==    by 0x50B9FD7: __isoc99_scanf (isoc99_scanf.c:37)
==19101==    by 0x108882: main (main.c:19)
==19101== 
==19101== HEAP SUMMARY:
==19101==     in use at exit: 0 bytes in 0 blocks
==19101==   total heap usage: 1 allocs, 1 frees, 1,024 bytes allocated
==19101== 
==19101== All heap blocks were freed -- no leaks are possible
==19101== 
==19101== For counts of detected and suppressed errors, rerun with: -v
==19101== ERROR SUMMARY: 0 errors from 0 contexts (suppressed: 0 from 0)
