==26276== Memcheck, a memory error detector
==26276== Copyright (C) 2002-2017, and GNU GPL'd, by Julian Seward et al.
==26276== Using Valgrind-3.13.0 and LibVEX; rerun with -h for copyright info
==26276== Command: /rhome/j/jhasanovic1/workspace/OR/Z2/Z1/.runme
==26276== Parent PID: 26263
==26276== 
==26276== 
==26276== Process terminating with default action of signal 15 (SIGTERM)
==26276==    at 0x514E081: read (read.c:27)
==26276==    by 0x50CB147: _IO_file_underflow@@GLIBC_2.2.5 (fileops.c:531)
==26276==    by 0x50CC3F1: _IO_default_uflow (genops.c:380)
==26276==    by 0x50A9BE9: _IO_vfscanf (vfscanf.c:630)
==26276==    by 0x50B9FD7: __isoc99_scanf (isoc99_scanf.c:37)
==26276==    by 0x1087F0: main (main.c:9)
==26276== 
==26276== HEAP SUMMARY:
==26276==     in use at exit: 0 bytes in 0 blocks
==26276==   total heap usage: 1 allocs, 1 frees, 1,024 bytes allocated
==26276== 
==26276== All heap blocks were freed -- no leaks are possible
==26276== 
==26276== For counts of detected and suppressed errors, rerun with: -v
==26276== ERROR SUMMARY: 0 errors from 0 contexts (suppressed: 0 from 0)
