==32363== Memcheck, a memory error detector
==32363== Copyright (C) 2002-2017, and GNU GPL'd, by Julian Seward et al.
==32363== Using Valgrind-3.13.0 and LibVEX; rerun with -h for copyright info
==32363== Command: /rhome/j/jhasanovic1/workspace/OR/ZSR7/Z14/.runme
==32363== Parent PID: 32359
==32363== 
==32363== 
==32363== Process terminating with default action of signal 1 (SIGHUP)
==32363==    at 0x514E081: read (read.c:27)
==32363==    by 0x50CB147: _IO_file_underflow@@GLIBC_2.2.5 (fileops.c:531)
==32363==    by 0x50CC3F1: _IO_default_uflow (genops.c:380)
==32363==    by 0x50A9BE9: _IO_vfscanf (vfscanf.c:630)
==32363==    by 0x50B9FD7: __isoc99_scanf (isoc99_scanf.c:37)
==32363==    by 0x1088C1: main (main.c:39)
==32363== 
==32363== HEAP SUMMARY:
==32363==     in use at exit: 0 bytes in 0 blocks
==32363==   total heap usage: 1 allocs, 1 frees, 1,024 bytes allocated
==32363== 
==32363== All heap blocks were freed -- no leaks are possible
==32363== 
==32363== For counts of detected and suppressed errors, rerun with: -v
==32363== ERROR SUMMARY: 0 errors from 0 contexts (suppressed: 0 from 0)
