==29149== Memcheck, a memory error detector
==29149== Copyright (C) 2002-2017, and GNU GPL'd, by Julian Seward et al.
==29149== Using Valgrind-3.13.0 and LibVEX; rerun with -h for copyright info
==29149== Command: /rhome/j/jhasanovic1/workspace/OR/Z1/Z4/.runme
==29149== Parent PID: 29139
==29149== 
==29149== 
==29149== Process terminating with default action of signal 15 (SIGTERM)
==29149==    at 0x54EC081: read (read.c:27)
==29149==    by 0x5469147: _IO_file_underflow@@GLIBC_2.2.5 (fileops.c:531)
==29149==    by 0x546A3F1: _IO_default_uflow (genops.c:380)
==29149==    by 0x5447BE9: _IO_vfscanf (vfscanf.c:630)
==29149==    by 0x5457FD7: __isoc99_scanf (isoc99_scanf.c:37)
==29149==    by 0x108836: main (main.c:10)
==29149== 
==29149== HEAP SUMMARY:
==29149==     in use at exit: 0 bytes in 0 blocks
==29149==   total heap usage: 1 allocs, 1 frees, 1,024 bytes allocated
==29149== 
==29149== All heap blocks were freed -- no leaks are possible
==29149== 
==29149== For counts of detected and suppressed errors, rerun with: -v
==29149== ERROR SUMMARY: 0 errors from 0 contexts (suppressed: 0 from 0)
