==6358== Memcheck, a memory error detector
==6358== Copyright (C) 2002-2017, and GNU GPL'd, by Julian Seward et al.
==6358== Using Valgrind-3.13.0 and LibVEX; rerun with -h for copyright info
==6358== Command: /rhome/j/jhasanovic1/workspace/OR/ZSR6/Z9/.runme
==6358== Parent PID: 6344
==6358== 
==6358== 
==6358== Process terminating with default action of signal 1 (SIGHUP)
==6358==    at 0x514E081: read (read.c:27)
==6358==    by 0x50CB147: _IO_file_underflow@@GLIBC_2.2.5 (fileops.c:531)
==6358==    by 0x50CC3F1: _IO_default_uflow (genops.c:380)
==6358==    by 0x50A9BE9: _IO_vfscanf (vfscanf.c:630)
==6358==    by 0x50B9FD7: __isoc99_scanf (isoc99_scanf.c:37)
==6358==    by 0x1087E4: main (main.c:16)
==6358== 
==6358== HEAP SUMMARY:
==6358==     in use at exit: 0 bytes in 0 blocks
==6358==   total heap usage: 1 allocs, 1 frees, 1,024 bytes allocated
==6358== 
==6358== All heap blocks were freed -- no leaks are possible
==6358== 
==6358== For counts of detected and suppressed errors, rerun with: -v
==6358== ERROR SUMMARY: 0 errors from 0 contexts (suppressed: 0 from 0)
