==22382== Memcheck, a memory error detector
==22382== Copyright (C) 2002-2017, and GNU GPL'd, by Julian Seward et al.
==22382== Using Valgrind-3.13.0 and LibVEX; rerun with -h for copyright info
==22382== Command: /rhome/j/jhasanovic1/workspace/OR/ZSR11/Z1/.runme
==22382== Parent PID: 22368
==22382== 
==22382== 
==22382== Process terminating with default action of signal 15 (SIGTERM)
==22382==    at 0x54EC081: read (read.c:27)
==22382==    by 0x5469147: _IO_file_underflow@@GLIBC_2.2.5 (fileops.c:531)
==22382==    by 0x546A3F1: _IO_default_uflow (genops.c:380)
==22382==    by 0x5447BE9: _IO_vfscanf (vfscanf.c:630)
==22382==    by 0x5457FD7: __isoc99_scanf (isoc99_scanf.c:37)
==22382==    by 0x108810: unos_tacke (main.c:15)
==22382==    by 0x108840: unesi_trougao (main.c:22)
==22382==    by 0x108D82: main (main.c:60)
==22382== 
==22382== HEAP SUMMARY:
==22382==     in use at exit: 0 bytes in 0 blocks
==22382==   total heap usage: 1 allocs, 1 frees, 1,024 bytes allocated
==22382== 
==22382== All heap blocks were freed -- no leaks are possible
==22382== 
==22382== For counts of detected and suppressed errors, rerun with: -v
==22382== ERROR SUMMARY: 0 errors from 0 contexts (suppressed: 0 from 0)
