==755== Memcheck, a memory error detector
==755== Copyright (C) 2002-2017, and GNU GPL'd, by Julian Seward et al.
==755== Using Valgrind-3.13.0 and LibVEX; rerun with -h for copyright info
==755== Command: /rhome/j/jhasanovic1/workspace/OR/ZSR2/Z14/.runme
==755== Parent PID: 736
==755== 
==755== 
==755== Process terminating with default action of signal 1 (SIGHUP)
==755==    at 0x514E081: read (read.c:27)
==755==    by 0x50CB147: _IO_file_underflow@@GLIBC_2.2.5 (fileops.c:531)
==755==    by 0x50CC3F1: _IO_default_uflow (genops.c:380)
==755==    by 0x50A9BE9: _IO_vfscanf (vfscanf.c:630)
==755==    by 0x50B9FD7: __isoc99_scanf (isoc99_scanf.c:37)
==755==    by 0x108759: main (main.c:14)
==755== 
==755== HEAP SUMMARY:
==755==     in use at exit: 0 bytes in 0 blocks
==755==   total heap usage: 1 allocs, 1 frees, 1,024 bytes allocated
==755== 
==755== All heap blocks were freed -- no leaks are possible
==755== 
==755== For counts of detected and suppressed errors, rerun with: -v
==755== ERROR SUMMARY: 0 errors from 0 contexts (suppressed: 0 from 0)
