==13160== Memcheck, a memory error detector
==13160== Copyright (C) 2002-2017, and GNU GPL'd, by Julian Seward et al.
==13160== Using Valgrind-3.13.0 and LibVEX; rerun with -h for copyright info
==13160== Command: /rhome/j/jhasanovic1/workspace/OR/ZSR12/Z2/.runme
==13160== Parent PID: 13146
==13160== 
==13160== 
==13160== Process terminating with default action of signal 1 (SIGHUP)
==13160==    at 0x514E081: read (read.c:27)
==13160==    by 0x50CB147: _IO_file_underflow@@GLIBC_2.2.5 (fileops.c:531)
==13160==    by 0x50CC3F1: _IO_default_uflow (genops.c:380)
==13160==    by 0x50ACA67: _IO_vfscanf (vfscanf.c:3013)
==13160==    by 0x50B9FD7: __isoc99_scanf (isoc99_scanf.c:37)
==13160==    by 0x10887D: main (main.c:6)
==13160== 
==13160== HEAP SUMMARY:
==13160==     in use at exit: 0 bytes in 0 blocks
==13160==   total heap usage: 1 allocs, 1 frees, 1,024 bytes allocated
==13160== 
==13160== All heap blocks were freed -- no leaks are possible
==13160== 
==13160== For counts of detected and suppressed errors, rerun with: -v
==13160== ERROR SUMMARY: 0 errors from 0 contexts (suppressed: 0 from 0)
