==20377== Memcheck, a memory error detector
==20377== Copyright (C) 2002-2017, and GNU GPL'd, by Julian Seward et al.
==20377== Using Valgrind-3.13.0 and LibVEX; rerun with -h for copyright info
==20377== Command: /rhome/j/jhasanovic1/workspace/OR/ZSR6/Z17/.runme
==20377== Parent PID: 20364
==20377== 
==20377== Conditional jump or move depends on uninitialised value(s)
==20377==    at 0x10882D: main (main.c:19)
==20377== 
==20377== 
==20377== Process terminating with default action of signal 1 (SIGHUP)
==20377==    at 0x514E152: write (write.c:27)
==20377==    by 0x50C91BC: _IO_file_write@@GLIBC_2.2.5 (fileops.c:1203)
==20377==    by 0x50C9B2E: new_do_write (fileops.c:457)
==20377==    by 0x50C9B2E: _IO_file_xsputn@@GLIBC_2.2.5 (fileops.c:1277)
==20377==    by 0x50BEA8E: puts (ioputs.c:40)
==20377==    by 0x108845: main (main.c:19)
==20377== 
==20377== HEAP SUMMARY:
==20377==     in use at exit: 0 bytes in 0 blocks
==20377==   total heap usage: 1 allocs, 1 frees, 1,024 bytes allocated
==20377== 
==20377== All heap blocks were freed -- no leaks are possible
==20377== 
==20377== For counts of detected and suppressed errors, rerun with: -v
==20377== Use --track-origins=yes to see where uninitialised values come from
==20377== ERROR SUMMARY: 1 errors from 1 contexts (suppressed: 0 from 0)
