==23952== Memcheck, a memory error detector
==23952== Copyright (C) 2002-2017, and GNU GPL'd, by Julian Seward et al.
==23952== Using Valgrind-3.13.0 and LibVEX; rerun with -h for copyright info
==23952== Command: /rhome/j/jhasanovic1/workspace/OR/ZSR2/Z7/.runme
==23952== Parent PID: 23943
==23952== 
==23952== 
==23952== Process terminating with default action of signal 1 (SIGHUP)
==23952==    at 0x54EC081: read (read.c:27)
==23952==    by 0x5469147: _IO_file_underflow@@GLIBC_2.2.5 (fileops.c:531)
==23952==    by 0x546A3F1: _IO_default_uflow (genops.c:380)
==23952==    by 0x5447BE9: _IO_vfscanf (vfscanf.c:630)
==23952==    by 0x5457FD7: __isoc99_scanf (isoc99_scanf.c:37)
==23952==    by 0x1087D1: main (main.c:12)
==23952== 
==23952== HEAP SUMMARY:
==23952==     in use at exit: 0 bytes in 0 blocks
==23952==   total heap usage: 1 allocs, 1 frees, 1,024 bytes allocated
==23952== 
==23952== All heap blocks were freed -- no leaks are possible
==23952== 
==23952== For counts of detected and suppressed errors, rerun with: -v
==23952== ERROR SUMMARY: 0 errors from 0 contexts (suppressed: 0 from 0)
