==552== Memcheck, a memory error detector
==552== Copyright (C) 2002-2017, and GNU GPL'd, by Julian Seward et al.
==552== Using Valgrind-3.13.0 and LibVEX; rerun with -h for copyright info
==552== Command: /rhome/j/jhasanovic1/workspace/OR/ZSR11/Z2/.runme
==552== Parent PID: 538
==552== 
==552== 
==552== Process terminating with default action of signal 15 (SIGTERM)
==552==    at 0x514E081: read (read.c:27)
==552==    by 0x50CB147: _IO_file_underflow@@GLIBC_2.2.5 (fileops.c:531)
==552==    by 0x50CC3F1: _IO_default_uflow (genops.c:380)
==552==    by 0x50A9BE9: _IO_vfscanf (vfscanf.c:630)
==552==    by 0x50B9FD7: __isoc99_scanf (isoc99_scanf.c:37)
==552==    by 0x108985: main (main.c:63)
==552== 
==552== HEAP SUMMARY:
==552==     in use at exit: 0 bytes in 0 blocks
==552==   total heap usage: 1 allocs, 1 frees, 1,024 bytes allocated
==552== 
==552== All heap blocks were freed -- no leaks are possible
==552== 
==552== For counts of detected and suppressed errors, rerun with: -v
==552== ERROR SUMMARY: 0 errors from 0 contexts (suppressed: 0 from 0)
