==13085== Memcheck, a memory error detector
==13085== Copyright (C) 2002-2017, and GNU GPL'd, by Julian Seward et al.
==13085== Using Valgrind-3.13.0 and LibVEX; rerun with -h for copyright info
==13085== Command: /rhome/j/jhasanovic1/workspace/OR/Z2/Z2/.runme
==13085== Parent PID: 13081
==13085== 
==13085== 
==13085== Process terminating with default action of signal 1 (SIGHUP)
==13085==    at 0x514E081: read (read.c:27)
==13085==    by 0x50CB147: _IO_file_underflow@@GLIBC_2.2.5 (fileops.c:531)
==13085==    by 0x50CC3F1: _IO_default_uflow (genops.c:380)
==13085==    by 0x50A9BE9: _IO_vfscanf (vfscanf.c:630)
==13085==    by 0x50B9FD7: __isoc99_scanf (isoc99_scanf.c:37)
==13085==    by 0x108D30: main (main.c:47)
==13085== 
==13085== HEAP SUMMARY:
==13085==     in use at exit: 0 bytes in 0 blocks
==13085==   total heap usage: 1 allocs, 1 frees, 1,024 bytes allocated
==13085== 
==13085== All heap blocks were freed -- no leaks are possible
==13085== 
==13085== For counts of detected and suppressed errors, rerun with: -v
==13085== ERROR SUMMARY: 0 errors from 0 contexts (suppressed: 0 from 0)
