==31079== Memcheck, a memory error detector
==31079== Copyright (C) 2002-2017, and GNU GPL'd, by Julian Seward et al.
==31079== Using Valgrind-3.13.0 and LibVEX; rerun with -h for copyright info
==31079== Command: /rhome/j/jhasanovic1/workspace/OR/ZSR4/Z7/.runme
==31079== Parent PID: 31069
==31079== 
==31079== 
==31079== Process terminating with default action of signal 15 (SIGTERM)
==31079==    at 0x514E081: read (read.c:27)
==31079==    by 0x50CB147: _IO_file_underflow@@GLIBC_2.2.5 (fileops.c:531)
==31079==    by 0x50CC3F1: _IO_default_uflow (genops.c:380)
==31079==    by 0x50A9BE9: _IO_vfscanf (vfscanf.c:630)
==31079==    by 0x50B9FD7: __isoc99_scanf (isoc99_scanf.c:37)
==31079==    by 0x108759: main (main.c:11)
==31079== 
==31079== HEAP SUMMARY:
==31079==     in use at exit: 0 bytes in 0 blocks
==31079==   total heap usage: 1 allocs, 1 frees, 1,024 bytes allocated
==31079== 
==31079== All heap blocks were freed -- no leaks are possible
==31079== 
==31079== For counts of detected and suppressed errors, rerun with: -v
==31079== ERROR SUMMARY: 0 errors from 0 contexts (suppressed: 0 from 0)
