==24409== Memcheck, a memory error detector
==24409== Copyright (C) 2002-2017, and GNU GPL'd, by Julian Seward et al.
==24409== Using Valgrind-3.13.0 and LibVEX; rerun with -h for copyright info
==24409== Command: /rhome/j/jhasanovic1/workspace/OR/ZSR10/Z16/.runme
==24409== Parent PID: 24405
==24409== 
==24409== 
==24409== Process terminating with default action of signal 1 (SIGHUP)
==24409==    at 0x514E081: read (read.c:27)
==24409==    by 0x50CB147: _IO_file_underflow@@GLIBC_2.2.5 (fileops.c:531)
==24409==    by 0x50CC3F1: _IO_default_uflow (genops.c:380)
==24409==    by 0x50A9BE9: _IO_vfscanf (vfscanf.c:630)
==24409==    by 0x50B9FD7: __isoc99_scanf (isoc99_scanf.c:37)
==24409==    by 0x108A33: main (main.c:92)
==24409== 
==24409== HEAP SUMMARY:
==24409==     in use at exit: 0 bytes in 0 blocks
==24409==   total heap usage: 1 allocs, 1 frees, 1,024 bytes allocated
==24409== 
==24409== All heap blocks were freed -- no leaks are possible
==24409== 
==24409== For counts of detected and suppressed errors, rerun with: -v
==24409== ERROR SUMMARY: 0 errors from 0 contexts (suppressed: 0 from 0)
