==22667== Memcheck, a memory error detector
==22667== Copyright (C) 2002-2017, and GNU GPL'd, by Julian Seward et al.
==22667== Using Valgrind-3.13.0 and LibVEX; rerun with -h for copyright info
==22667== Command: /rhome/j/jhasanovic1/workspace/OR/ZSR2/Z23/.runme
==22667== Parent PID: 22654
==22667== 
==22667== Conditional jump or move depends on uninitialised value(s)
==22667==    at 0x108776: main (main.c:7)
==22667== 
==22667== Conditional jump or move depends on uninitialised value(s)
==22667==    at 0x10877B: main (main.c:7)
==22667== 
==22667== Conditional jump or move depends on uninitialised value(s)
==22667==    at 0x1087B1: main (main.c:9)
==22667== 
==22667== Conditional jump or move depends on uninitialised value(s)
==22667==    at 0x1087B6: main (main.c:9)
==22667== 
==22667== Conditional jump or move depends on uninitialised value(s)
==22667==    at 0x509D1B8: __printf_fp_l (printf_fp.c:392)
==22667==    by 0x509AA06: vfprintf (vfprintf.c:1642)
==22667==    by 0x509C67F: buffered_vfprintf (vfprintf.c:2329)
==22667==    by 0x5099725: vfprintf (vfprintf.c:1301)
==22667==    by 0x50A2F25: printf (printf.c:33)
==22667==    by 0x108822: main (main.c:15)
==22667== 
==22667== Conditional jump or move depends on uninitialised value(s)
==22667==    at 0x509D1D9: __printf_fp_l (printf_fp.c:392)
==22667==    by 0x509AA06: vfprintf (vfprintf.c:1642)
==22667==    by 0x509C67F: buffered_vfprintf (vfprintf.c:2329)
==22667==    by 0x5099725: vfprintf (vfprintf.c:1301)
==22667==    by 0x50A2F25: printf (printf.c:33)
==22667==    by 0x108822: main (main.c:15)
==22667== 
==22667== Conditional jump or move depends on uninitialised value(s)
==22667==    at 0x509CE0B: __printf_fp_l (printf_fp.c:400)
==22667==    by 0x509AA06: vfprintf (vfprintf.c:1642)
==22667==    by 0x509C67F: buffered_vfprintf (vfprintf.c:2329)
==22667==    by 0x5099725: vfprintf (vfprintf.c:1301)
==22667==    by 0x50A2F25: printf (printf.c:33)
==22667==    by 0x108822: main (main.c:15)
==22667== 
==22667== Conditional jump or move depends on uninitialised value(s)
==22667==    at 0x509AA09: vfprintf (vfprintf.c:1642)
==22667==    by 0x509C67F: buffered_vfprintf (vfprintf.c:2329)
==22667==    by 0x5099725: vfprintf (vfprintf.c:1301)
==22667==    by 0x50A2F25: printf (printf.c:33)
==22667==    by 0x108822: main (main.c:15)
==22667== 
==22667== Conditional jump or move depends on uninitialised value(s)
==22667==    at 0x509A82D: vfprintf (vfprintf.c:1642)
==22667==    by 0x509C67F: buffered_vfprintf (vfprintf.c:2329)
==22667==    by 0x5099725: vfprintf (vfprintf.c:1301)
==22667==    by 0x50A2F25: printf (printf.c:33)
==22667==    by 0x108822: main (main.c:15)
==22667== 
==22667== Conditional jump or move depends on uninitialised value(s)
==22667==    at 0x509996A: vfprintf (vfprintf.c:1674)
==22667==    by 0x509C67F: buffered_vfprintf (vfprintf.c:2329)
==22667==    by 0x5099725: vfprintf (vfprintf.c:1301)
==22667==    by 0x50A2F25: printf (printf.c:33)
==22667==    by 0x108822: main (main.c:15)
==22667== 
==22667== Conditional jump or move depends on uninitialised value(s)
==22667==    at 0x50999C0: vfprintf (vfprintf.c:1674)
==22667==    by 0x509C67F: buffered_vfprintf (vfprintf.c:2329)
==22667==    by 0x5099725: vfprintf (vfprintf.c:1301)
==22667==    by 0x50A2F25: printf (printf.c:33)
==22667==    by 0x108822: main (main.c:15)
==22667== 
==22667== Conditional jump or move depends on uninitialised value(s)
==22667==    at 0x509A816: vfprintf (vfprintf.c:1642)
==22667==    by 0x509C67F: buffered_vfprintf (vfprintf.c:2329)
==22667==    by 0x5099725: vfprintf (vfprintf.c:1301)
==22667==    by 0x50A2F25: printf (printf.c:33)
==22667==    by 0x108822: main (main.c:15)
==22667== 
==22667== 
==22667== Process terminating with default action of signal 1 (SIGHUP)
==22667==    at 0x514E152: write (write.c:27)
==22667==    by 0x50C91BC: _IO_file_write@@GLIBC_2.2.5 (fileops.c:1203)
==22667==    by 0x50C9B2E: new_do_write (fileops.c:457)
==22667==    by 0x50C9B2E: _IO_file_xsputn@@GLIBC_2.2.5 (fileops.c:1277)
==22667==    by 0x509C706: buffered_vfprintf (vfprintf.c:2350)
==22667==    by 0x5099725: vfprintf (vfprintf.c:1301)
==22667==    by 0x50A2F25: printf (printf.c:33)
==22667==    by 0x108822: main (main.c:15)
==22667== 
==22667== HEAP SUMMARY:
==22667==     in use at exit: 0 bytes in 0 blocks
==22667==   total heap usage: 1 allocs, 1 frees, 1,024 bytes allocated
==22667== 
==22667== All heap blocks were freed -- no leaks are possible
==22667== 
==22667== For counts of detected and suppressed errors, rerun with: -v
==22667== Use --track-origins=yes to see where uninitialised values come from
==22667== ERROR SUMMARY: 19 errors from 12 contexts (suppressed: 0 from 0)
