[New LWP 20690]
Core was generated by `'.
Program terminated with signal SIGXCPU, CPU time limit exceeded.
#0  0x0000000000108733 in ?? ()
#0  0x0000000000108733 in ?? ()
#1  0x0000001fff000920 in ?? ()
#2  0x00000000001087cf in ?? ()
#3  0x00000000040109a0 in ?? ()
#4  0x4000000000000000 in ?? ()
#5  0x0000000300108820 in ?? ()
#6  0x4000000000000000 in ?? ()
#7  0x0000001fff000a00 in ?? ()
#8  0x67b395e988b96900 in ?? ()
#9  0x0000000000108820 in ?? ()
#10 0x000000000505fb97 in ?? ()
#11 0x00000000054262a0 in ?? ()
#12 0x0000001fff000a08 in ?? ()
#13 0x000000010542a760 in ?? ()
#14 0x000000000010874f in ?? ()
#15 0x0000000000000000 in ?? ()
