==20210== Memcheck, a memory error detector
==20210== Copyright (C) 2002-2017, and GNU GPL'd, by Julian Seward et al.
==20210== Using Valgrind-3.13.0 and LibVEX; rerun with -h for copyright info
==20210== Command: /rhome/j/jhasanovic1/workspace/OR/Z1/Z3/.runme
==20210== Parent PID: 20197
==20210== 
==20210== 
==20210== Process terminating with default action of signal 1 (SIGHUP)
==20210==    at 0x514E081: read (read.c:27)
==20210==    by 0x50CB147: _IO_file_underflow@@GLIBC_2.2.5 (fileops.c:531)
==20210==    by 0x50CC3F1: _IO_default_uflow (genops.c:380)
==20210==    by 0x50A9BE9: _IO_vfscanf (vfscanf.c:630)
==20210==    by 0x50B9FD7: __isoc99_scanf (isoc99_scanf.c:37)
==20210==    by 0x1087FE: main (main.c:15)
==20210== 
==20210== HEAP SUMMARY:
==20210==     in use at exit: 0 bytes in 0 blocks
==20210==   total heap usage: 1 allocs, 1 frees, 1,024 bytes allocated
==20210== 
==20210== All heap blocks were freed -- no leaks are possible
==20210== 
==20210== For counts of detected and suppressed errors, rerun with: -v
==20210== ERROR SUMMARY: 0 errors from 0 contexts (suppressed: 0 from 0)
