/rhome/j/jhasanovic1/workspace/OR/ZSR2/Z9/main.c: In function ‘main’:
/rhome/j/jhasanovic1/workspace/OR/ZSR2/Z9/main.c:11:6: warning: suggest parentheses around comparison in operand of ‘&’ [-Wparentheses]
  if(a&2==0) printf("%015d",a); else printf("%-015d",a);
      ^
/rhome/j/jhasanovic1/workspace/OR/ZSR2/Z9/main.c:11:44: warning: '0' flag ignored with '-' flag in gnu_printf format [-Wformat=]
  if(a&2==0) printf("%015d",a); else printf("%-015d",a);
                                            ^~~~~~~~
/rhome/j/jhasanovic1/workspace/OR/ZSR2/Z9/main.c:12:6: warning: suggest parentheses around comparison in operand of ‘&’ [-Wparentheses]
  if(b&2==0) printf("%015d",b); else printf("%-015d",b);
      ^
/rhome/j/jhasanovic1/workspace/OR/ZSR2/Z9/main.c:12:44: warning: '0' flag ignored with '-' flag in gnu_printf format [-Wformat=]
  if(b&2==0) printf("%015d",b); else printf("%-015d",b);
                                            ^~~~~~~~
/rhome/j/jhasanovic1/workspace/OR/ZSR2/Z9/main.c:13:6: warning: suggest parentheses around comparison in operand of ‘&’ [-Wparentheses]
  if(c&2==0) printf("%015d",c); else printf("%-015d",c);
      ^
/rhome/j/jhasanovic1/workspace/OR/ZSR2/Z9/main.c:13:44: warning: '0' flag ignored with '-' flag in gnu_printf format [-Wformat=]
  if(c&2==0) printf("%015d",c); else printf("%-015d",c);
                                            ^~~~~~~~
/rhome/j/jhasanovic1/workspace/OR/ZSR2/Z9/main.c:14:6: warning: suggest parentheses around comparison in operand of ‘&’ [-Wparentheses]
  if(d&2==0) printf("%015d",d); else printf("%-015d",d);
      ^
/rhome/j/jhasanovic1/workspace/OR/ZSR2/Z9/main.c:14:44: warning: '0' flag ignored with '-' flag in gnu_printf format [-Wformat=]
  if(d&2==0) printf("%015d",d); else printf("%-015d",d);
                                            ^~~~~~~~
/rhome/j/jhasanovic1/workspace/OR/ZSR2/Z9/main.c:15:6: warning: suggest parentheses around comparison in operand of ‘&’ [-Wparentheses]
  if(e&2==0) printf("%015d"); else printf("%-015d",e);
      ^
/rhome/j/jhasanovic1/workspace/OR/ZSR2/Z9/main.c:15:25: warning: format ‘%d’ expects a matching ‘int’ argument [-Wformat=]
  if(e&2==0) printf("%015d"); else printf("%-015d",e);
                     ~~~~^
/rhome/j/jhasanovic1/workspace/OR/ZSR2/Z9/main.c:15:42: warning: '0' flag ignored with '-' flag in gnu_printf format [-Wformat=]
  if(e&2==0) printf("%015d"); else printf("%-015d",e);
                                          ^~~~~~~~
/rhome/j/jhasanovic1/workspace/OR/ZSR2/Z9/main.c:16:6: warning: suggest parentheses around comparison in operand of ‘&’ [-Wparentheses]
  if(f&2==0) printf("%015d",f); else printf("%-015d",f);
      ^
/rhome/j/jhasanovic1/workspace/OR/ZSR2/Z9/main.c:16:44: warning: '0' flag ignored with '-' flag in gnu_printf format [-Wformat=]
  if(f&2==0) printf("%015d",f); else printf("%-015d",f);
                                            ^~~~~~~~
/rhome/j/jhasanovic1/workspace/OR/ZSR2/Z9/main.c:17:6: warning: suggest parentheses around comparison in operand of ‘&’ [-Wparentheses]
  if(g&2==0) printf("%015d",g); else printf("%-015d",g);
      ^
/rhome/j/jhasanovic1/workspace/OR/ZSR2/Z9/main.c:17:44: warning: '0' flag ignored with '-' flag in gnu_printf format [-Wformat=]
  if(g&2==0) printf("%015d",g); else printf("%-015d",g);
                                            ^~~~~~~~
/rhome/j/jhasanovic1/workspace/OR/ZSR2/Z9/main.c:18:6: warning: suggest parentheses around comparison in operand of ‘&’ [-Wparentheses]
  if(h&2==0) printf("%015d",h); else printf("%-015d",h);
      ^
/rhome/j/jhasanovic1/workspace/OR/ZSR2/Z9/main.c:18:44: warning: '0' flag ignored with '-' flag in gnu_printf format [-Wformat=]
  if(h&2==0) printf("%015d",h); else printf("%-015d",h);
                                            ^~~~~~~~
/rhome/j/jhasanovic1/workspace/OR/ZSR2/Z9/main.c:19:6: warning: suggest parentheses around comparison in operand of ‘&’ [-Wparentheses]
  if(i&2==0) printf("%015d",i); else printf("%-015d",i);
      ^
/rhome/j/jhasanovic1/workspace/OR/ZSR2/Z9/main.c:19:44: warning: '0' flag ignored with '-' flag in gnu_printf format [-Wformat=]
  if(i&2==0) printf("%015d",i); else printf("%-015d",i);
                                            ^~~~~~~~
/rhome/j/jhasanovic1/workspace/OR/ZSR2/Z9/main.c:20:6: warning: suggest parentheses around comparison in operand of ‘&’ [-Wparentheses]
  if(j&2==0) printf("%015d",j); else printf("%-015d",j);
      ^
/rhome/j/jhasanovic1/workspace/OR/ZSR2/Z9/main.c:20:44: warning: '0' flag ignored with '-' flag in gnu_printf format [-Wformat=]
  if(j&2==0) printf("%015d",j); else printf("%-015d",j);
                                            ^~~~~~~~
