==2163== Memcheck, a memory error detector
==2163== Copyright (C) 2002-2017, and GNU GPL'd, by Julian Seward et al.
==2163== Using Valgrind-3.13.0 and LibVEX; rerun with -h for copyright info
==2163== Command: /rhome/j/jhasanovic1/workspace/OR/ZSR2/Z9/.runme
==2163== Parent PID: 2149
==2163== 
==2163== Conditional jump or move depends on uninitialised value(s)
==2163==    at 0x509A8DA: vfprintf (vfprintf.c:1642)
==2163==    by 0x509C67F: buffered_vfprintf (vfprintf.c:2329)
==2163==    by 0x5099725: vfprintf (vfprintf.c:1301)
==2163==    by 0x50A2F25: printf (printf.c:33)
==2163==    by 0x1087A6: main (main.c:11)
==2163== 
==2163== Use of uninitialised value of size 8
==2163==    at 0x509686B: _itoa_word (_itoa.c:179)
==2163==    by 0x5099F0D: vfprintf (vfprintf.c:1642)
==2163==    by 0x509C67F: buffered_vfprintf (vfprintf.c:2329)
==2163==    by 0x5099725: vfprintf (vfprintf.c:1301)
==2163==    by 0x50A2F25: printf (printf.c:33)
==2163==    by 0x1087A6: main (main.c:11)
==2163== 
==2163== Conditional jump or move depends on uninitialised value(s)
==2163==    at 0x5096875: _itoa_word (_itoa.c:179)
==2163==    by 0x5099F0D: vfprintf (vfprintf.c:1642)
==2163==    by 0x509C67F: buffered_vfprintf (vfprintf.c:2329)
==2163==    by 0x5099725: vfprintf (vfprintf.c:1301)
==2163==    by 0x50A2F25: printf (printf.c:33)
==2163==    by 0x1087A6: main (main.c:11)
==2163== 
==2163== Conditional jump or move depends on uninitialised value(s)
==2163==    at 0x509A014: vfprintf (vfprintf.c:1642)
==2163==    by 0x509C67F: buffered_vfprintf (vfprintf.c:2329)
==2163==    by 0x5099725: vfprintf (vfprintf.c:1301)
==2163==    by 0x50A2F25: printf (printf.c:33)
==2163==    by 0x1087A6: main (main.c:11)
==2163== 
==2163== Conditional jump or move depends on uninitialised value(s)
==2163==    at 0x509A0BF: vfprintf (vfprintf.c:1642)
==2163==    by 0x509C67F: buffered_vfprintf (vfprintf.c:2329)
==2163==    by 0x5099725: vfprintf (vfprintf.c:1301)
==2163==    by 0x50A2F25: printf (printf.c:33)
==2163==    by 0x1087A6: main (main.c:11)
==2163== 
==2163== 
==2163== Process terminating with default action of signal 1 (SIGHUP)
==2163==    at 0x514E152: write (write.c:27)
==2163==    by 0x50C91BC: _IO_file_write@@GLIBC_2.2.5 (fileops.c:1203)
==2163==    by 0x50C9B2E: new_do_write (fileops.c:457)
==2163==    by 0x50C9B2E: _IO_file_xsputn@@GLIBC_2.2.5 (fileops.c:1277)
==2163==    by 0x509C706: buffered_vfprintf (vfprintf.c:2350)
==2163==    by 0x5099725: vfprintf (vfprintf.c:1301)
==2163==    by 0x50A2F25: printf (printf.c:33)
==2163==    by 0x1087A6: main (main.c:11)
==2163== 
==2163== HEAP SUMMARY:
==2163==     in use at exit: 0 bytes in 0 blocks
==2163==   total heap usage: 1 allocs, 1 frees, 1,024 bytes allocated
==2163== 
==2163== All heap blocks were freed -- no leaks are possible
==2163== 
==2163== For counts of detected and suppressed errors, rerun with: -v
==2163== Use --track-origins=yes to see where uninitialised values come from
==2163== ERROR SUMMARY: 19 errors from 5 contexts (suppressed: 0 from 0)
