==9873== Memcheck, a memory error detector
==9873== Copyright (C) 2002-2017, and GNU GPL'd, by Julian Seward et al.
==9873== Using Valgrind-3.13.0 and LibVEX; rerun with -h for copyright info
==9873== Command: /rhome/j/jhasanovic1/workspace/OR/ZSR6/Z11/.runme
==9873== Parent PID: 9859
==9873== 
==9873== Conditional jump or move depends on uninitialised value(s)
==9873==    at 0x1087D7: main (main.c:15)
==9873== 
==9873== 
==9873== Process terminating with default action of signal 1 (SIGHUP)
==9873==    at 0x514E07F: read (read.c:27)
==9873==    by 0x50CB147: _IO_file_underflow@@GLIBC_2.2.5 (fileops.c:531)
==9873==    by 0x50CC3F1: _IO_default_uflow (genops.c:380)
==9873==    by 0x50A9BE9: _IO_vfscanf (vfscanf.c:630)
==9873==    by 0x50B9FD7: __isoc99_scanf (isoc99_scanf.c:37)
==9873==    by 0x1087C4: main (main.c:14)
==9873== 
==9873== HEAP SUMMARY:
==9873==     in use at exit: 0 bytes in 0 blocks
==9873==   total heap usage: 1 allocs, 1 frees, 1,024 bytes allocated
==9873== 
==9873== All heap blocks were freed -- no leaks are possible
==9873== 
==9873== For counts of detected and suppressed errors, rerun with: -v
==9873== Use --track-origins=yes to see where uninitialised values come from
==9873== ERROR SUMMARY: 1 errors from 1 contexts (suppressed: 0 from 0)
