==8622== Memcheck, a memory error detector
==8622== Copyright (C) 2002-2017, and GNU GPL'd, by Julian Seward et al.
==8622== Using Valgrind-3.13.0 and LibVEX; rerun with -h for copyright info
==8622== Command: /rhome/j/jhasanovic1/workspace/OR/ZSR2/Z2/.runme
==8622== Parent PID: 8612
==8622== 
==8622== 
==8622== Process terminating with default action of signal 1 (SIGHUP)
==8622==    at 0x514E081: read (read.c:27)
==8622==    by 0x50CB147: _IO_file_underflow@@GLIBC_2.2.5 (fileops.c:531)
==8622==    by 0x50CC3F1: _IO_default_uflow (genops.c:380)
==8622==    by 0x50A9BE9: _IO_vfscanf (vfscanf.c:630)
==8622==    by 0x50B9FD7: __isoc99_scanf (isoc99_scanf.c:37)
==8622==    by 0x10876F: main (main.c:11)
==8622== 
==8622== HEAP SUMMARY:
==8622==     in use at exit: 0 bytes in 0 blocks
==8622==   total heap usage: 1 allocs, 1 frees, 1,024 bytes allocated
==8622== 
==8622== All heap blocks were freed -- no leaks are possible
==8622== 
==8622== For counts of detected and suppressed errors, rerun with: -v
==8622== ERROR SUMMARY: 0 errors from 0 contexts (suppressed: 0 from 0)
