==15645== Memcheck, a memory error detector
==15645== Copyright (C) 2002-2017, and GNU GPL'd, by Julian Seward et al.
==15645== Using Valgrind-3.13.0 and LibVEX; rerun with -h for copyright info
==15645== Command: /rhome/j/jhasanovic1/workspace/OR/ZSR4/Z5/.runme
==15645== Parent PID: 15633
==15645== 
==15645== 
==15645== Process terminating with default action of signal 1 (SIGHUP)
==15645==    at 0x514E081: read (read.c:27)
==15645==    by 0x50CB147: _IO_file_underflow@@GLIBC_2.2.5 (fileops.c:531)
==15645==    by 0x50CC3F1: _IO_default_uflow (genops.c:380)
==15645==    by 0x50A9BE9: _IO_vfscanf (vfscanf.c:630)
==15645==    by 0x50B9FD7: __isoc99_scanf (isoc99_scanf.c:37)
==15645==    by 0x108774: main (main.c:14)
==15645== 
==15645== HEAP SUMMARY:
==15645==     in use at exit: 0 bytes in 0 blocks
==15645==   total heap usage: 1 allocs, 1 frees, 1,024 bytes allocated
==15645== 
==15645== All heap blocks were freed -- no leaks are possible
==15645== 
==15645== For counts of detected and suppressed errors, rerun with: -v
==15645== ERROR SUMMARY: 0 errors from 0 contexts (suppressed: 0 from 0)
