==12651== Memcheck, a memory error detector
==12651== Copyright (C) 2002-2017, and GNU GPL'd, by Julian Seward et al.
==12651== Using Valgrind-3.13.0 and LibVEX; rerun with -h for copyright info
==12651== Command: /rhome/j/jhasanovic1/workspace/OR/ZSR12/Z3/.runme
==12651== Parent PID: 12637
==12651== 
==12651== 
==12651== Process terminating with default action of signal 1 (SIGHUP)
==12651==    at 0x514E081: read (read.c:27)
==12651==    by 0x50CB147: _IO_file_underflow@@GLIBC_2.2.5 (fileops.c:531)
==12651==    by 0x50CC3F1: _IO_default_uflow (genops.c:380)
==12651==    by 0x50A9BE9: _IO_vfscanf (vfscanf.c:630)
==12651==    by 0x50B9FD7: __isoc99_scanf (isoc99_scanf.c:37)
==12651==    by 0x1088E4: main (main.c:7)
==12651== 
==12651== HEAP SUMMARY:
==12651==     in use at exit: 0 bytes in 0 blocks
==12651==   total heap usage: 1 allocs, 1 frees, 1,024 bytes allocated
==12651== 
==12651== All heap blocks were freed -- no leaks are possible
==12651== 
==12651== For counts of detected and suppressed errors, rerun with: -v
==12651== ERROR SUMMARY: 0 errors from 0 contexts (suppressed: 0 from 0)
