==6416== Memcheck, a memory error detector
==6416== Copyright (C) 2002-2017, and GNU GPL'd, by Julian Seward et al.
==6416== Using Valgrind-3.13.0 and LibVEX; rerun with -h for copyright info
==6416== Command: /rhome/j/jhasanovic1/workspace/OR/ZSR2/Z1/.runme
==6416== Parent PID: 6407
==6416== 
==6416== Conditional jump or move depends on uninitialised value(s)
==6416==    at 0x504CEB8: sqrt (w_sqrt_compat.c:30)
==6416==    by 0x1087DB: main (main.c:12)
==6416== 
==6416== Conditional jump or move depends on uninitialised value(s)
==6416==    at 0x504CEB8: sqrt (w_sqrt_compat.c:30)
==6416==    by 0x1087E0: main (main.c:12)
==6416== 
==6416== Conditional jump or move depends on uninitialised value(s)
==6416==    at 0x543B1B8: __printf_fp_l (printf_fp.c:392)
==6416==    by 0x5438A06: vfprintf (vfprintf.c:1642)
==6416==    by 0x543A67F: buffered_vfprintf (vfprintf.c:2329)
==6416==    by 0x5437725: vfprintf (vfprintf.c:1301)
==6416==    by 0x5440F25: printf (printf.c:33)
==6416==    by 0x108810: main (main.c:13)
==6416== 
==6416== Conditional jump or move depends on uninitialised value(s)
==6416==    at 0x543B1D9: __printf_fp_l (printf_fp.c:392)
==6416==    by 0x5438A06: vfprintf (vfprintf.c:1642)
==6416==    by 0x543A67F: buffered_vfprintf (vfprintf.c:2329)
==6416==    by 0x5437725: vfprintf (vfprintf.c:1301)
==6416==    by 0x5440F25: printf (printf.c:33)
==6416==    by 0x108810: main (main.c:13)
==6416== 
==6416== Conditional jump or move depends on uninitialised value(s)
==6416==    at 0x5430A30: __mpn_extract_double (dbl2mpn.c:56)
==6416==    by 0x543B208: __printf_fp_l (printf_fp.c:392)
==6416==    by 0x5438A06: vfprintf (vfprintf.c:1642)
==6416==    by 0x543A67F: buffered_vfprintf (vfprintf.c:2329)
==6416==    by 0x5437725: vfprintf (vfprintf.c:1301)
==6416==    by 0x5440F25: printf (printf.c:33)
==6416==    by 0x108810: main (main.c:13)
==6416== 
==6416== Conditional jump or move depends on uninitialised value(s)
==6416==    at 0x5430A35: __mpn_extract_double (dbl2mpn.c:60)
==6416==    by 0x543B208: __printf_fp_l (printf_fp.c:392)
==6416==    by 0x5438A06: vfprintf (vfprintf.c:1642)
==6416==    by 0x543A67F: buffered_vfprintf (vfprintf.c:2329)
==6416==    by 0x5437725: vfprintf (vfprintf.c:1301)
==6416==    by 0x5440F25: printf (printf.c:33)
==6416==    by 0x108810: main (main.c:13)
==6416== 
==6416== Conditional jump or move depends on uninitialised value(s)
==6416==    at 0x543B061: __printf_fp_l (printf_fp.c:442)
==6416==    by 0x5438A06: vfprintf (vfprintf.c:1642)
==6416==    by 0x543A67F: buffered_vfprintf (vfprintf.c:2329)
==6416==    by 0x5437725: vfprintf (vfprintf.c:1301)
==6416==    by 0x5440F25: printf (printf.c:33)
==6416==    by 0x108810: main (main.c:13)
==6416== 
==6416== Conditional jump or move depends on uninitialised value(s)
==6416==    at 0x543BDFA: __printf_fp_l (printf_fp.c:645)
==6416==    by 0x5438A06: vfprintf (vfprintf.c:1642)
==6416==    by 0x543A67F: buffered_vfprintf (vfprintf.c:2329)
==6416==    by 0x5437725: vfprintf (vfprintf.c:1301)
==6416==    by 0x5440F25: printf (printf.c:33)
==6416==    by 0x108810: main (main.c:13)
==6416== 
==6416== Use of uninitialised value of size 8
==6416==    at 0x543C3E7: __printf_fp_l (printf_fp.c:661)
==6416==    by 0x5438A06: vfprintf (vfprintf.c:1642)
==6416==    by 0x543A67F: buffered_vfprintf (vfprintf.c:2329)
==6416==    by 0x5437725: vfprintf (vfprintf.c:1301)
==6416==    by 0x5440F25: printf (printf.c:33)
==6416==    by 0x108810: main (main.c:13)
==6416== 
==6416== Use of uninitialised value of size 8
==6416==    at 0x542F288: __mpn_lshift (lshift.S:59)
==6416==    by 0x543C3EB: __printf_fp_l (printf_fp.c:661)
==6416==    by 0x5438A06: vfprintf (vfprintf.c:1642)
==6416==    by 0x543A67F: buffered_vfprintf (vfprintf.c:2329)
==6416==    by 0x5437725: vfprintf (vfprintf.c:1301)
==6416==    by 0x5440F25: printf (printf.c:33)
==6416==    by 0x108810: main (main.c:13)
==6416== 
==6416== Use of uninitialised value of size 8
==6416==    at 0x542F28B: __mpn_lshift (lshift.S:60)
==6416==    by 0x543C3EB: __printf_fp_l (printf_fp.c:661)
==6416==    by 0x5438A06: vfprintf (vfprintf.c:1642)
==6416==    by 0x543A67F: buffered_vfprintf (vfprintf.c:2329)
==6416==    by 0x5437725: vfprintf (vfprintf.c:1301)
==6416==    by 0x5440F25: printf (printf.c:33)
==6416==    by 0x108810: main (main.c:13)
==6416== 
==6416== Use of uninitialised value of size 8
==6416==    at 0x543C41C: __printf_fp_l (printf_fp.c:662)
==6416==    by 0x5438A06: vfprintf (vfprintf.c:1642)
==6416==    by 0x543A67F: buffered_vfprintf (vfprintf.c:2329)
==6416==    by 0x5437725: vfprintf (vfprintf.c:1301)
==6416==    by 0x5440F25: printf (printf.c:33)
==6416==    by 0x108810: main (main.c:13)
==6416== 
==6416== Conditional jump or move depends on uninitialised value(s)
==6416==    at 0x543C4F5: __printf_fp_l (printf_fp.c:673)
==6416==    by 0x5438A06: vfprintf (vfprintf.c:1642)
==6416==    by 0x543A67F: buffered_vfprintf (vfprintf.c:2329)
==6416==    by 0x5437725: vfprintf (vfprintf.c:1301)
==6416==    by 0x5440F25: printf (printf.c:33)
==6416==    by 0x108810: main (main.c:13)
==6416== 
==6416== Conditional jump or move depends on uninitialised value(s)
==6416==    at 0x543C4E8: __printf_fp_l (printf_fp.c:785)
==6416==    by 0x5438A06: vfprintf (vfprintf.c:1642)
==6416==    by 0x543A67F: buffered_vfprintf (vfprintf.c:2329)
==6416==    by 0x5437725: vfprintf (vfprintf.c:1301)
==6416==    by 0x5440F25: printf (printf.c:33)
==6416==    by 0x108810: main (main.c:13)
==6416== 
==6416== Use of uninitialised value of size 8
==6416==    at 0x542F4D0: __mpn_mul (mul.c:71)
==6416==    by 0x543C462: __printf_fp_l (printf_fp.c:681)
==6416==    by 0x5438A06: vfprintf (vfprintf.c:1642)
==6416==    by 0x543A67F: buffered_vfprintf (vfprintf.c:2329)
==6416==    by 0x5437725: vfprintf (vfprintf.c:1301)
==6416==    by 0x5440F25: printf (printf.c:33)
==6416==    by 0x108810: main (main.c:13)
==6416== 
==6416== Conditional jump or move depends on uninitialised value(s)
==6416==    at 0x542F4D7: __mpn_mul (mul.c:72)
==6416==    by 0x543C462: __printf_fp_l (printf_fp.c:681)
==6416==    by 0x5438A06: vfprintf (vfprintf.c:1642)
==6416==    by 0x543A67F: buffered_vfprintf (vfprintf.c:2329)
==6416==    by 0x5437725: vfprintf (vfprintf.c:1301)
==6416==    by 0x5440F25: printf (printf.c:33)
==6416==    by 0x108810: main (main.c:13)
==6416== 
==6416== Use of uninitialised value of size 8
==6416==    at 0x542F960: __mpn_mul_1 (mul_1.S:90)
==6416==    by 0x542F684: __mpn_mul (mul.c:81)
==6416==    by 0x543C462: __printf_fp_l (printf_fp.c:681)
==6416==    by 0x5438A06: vfprintf (vfprintf.c:1642)
==6416==    by 0x543A67F: buffered_vfprintf (vfprintf.c:2329)
==6416==    by 0x5437725: vfprintf (vfprintf.c:1301)
==6416==    by 0x5440F25: printf (printf.c:33)
==6416==    by 0x108810: main (main.c:13)
==6416== 
==6416== Use of uninitialised value of size 8
==6416==    at 0x542F9C2: __mpn_mul_1 (mul_1.S:117)
==6416==    by 0x542F684: __mpn_mul (mul.c:81)
==6416==    by 0x543C462: __printf_fp_l (printf_fp.c:681)
==6416==    by 0x5438A06: vfprintf (vfprintf.c:1642)
==6416==    by 0x543A67F: buffered_vfprintf (vfprintf.c:2329)
==6416==    by 0x5437725: vfprintf (vfprintf.c:1301)
==6416==    by 0x5440F25: printf (printf.c:33)
==6416==    by 0x108810: main (main.c:13)
==6416== 
==6416== Use of uninitialised value of size 8
==6416==    at 0x542F695: __mpn_mul (mul.c:83)
==6416==    by 0x543C462: __printf_fp_l (printf_fp.c:681)
==6416==    by 0x5438A06: vfprintf (vfprintf.c:1642)
==6416==    by 0x543A67F: buffered_vfprintf (vfprintf.c:2329)
==6416==    by 0x5437725: vfprintf (vfprintf.c:1301)
==6416==    by 0x5440F25: printf (printf.c:33)
==6416==    by 0x108810: main (main.c:13)
==6416== 
==6416== Use of uninitialised value of size 8
==6416==    at 0x542F6E4: __mpn_mul (mul.c:90)
==6416==    by 0x543C462: __printf_fp_l (printf_fp.c:681)
==6416==    by 0x5438A06: vfprintf (vfprintf.c:1642)
==6416==    by 0x543A67F: buffered_vfprintf (vfprintf.c:2329)
==6416==    by 0x5437725: vfprintf (vfprintf.c:1301)
==6416==    by 0x5440F25: printf (printf.c:33)
==6416==    by 0x108810: main (main.c:13)
==6416== 
==6416== Conditional jump or move depends on uninitialised value(s)
==6416==    at 0x542F6EB: __mpn_mul (mul.c:91)
==6416==    by 0x543C462: __printf_fp_l (printf_fp.c:681)
==6416==    by 0x5438A06: vfprintf (vfprintf.c:1642)
==6416==    by 0x543A67F: buffered_vfprintf (vfprintf.c:2329)
==6416==    by 0x5437725: vfprintf (vfprintf.c:1301)
==6416==    by 0x5440F25: printf (printf.c:33)
==6416==    by 0x108810: main (main.c:13)
==6416== 
==6416== Conditional jump or move depends on uninitialised value(s)
==6416==    at 0x542F6CD: __mpn_mul (mul.c:94)
==6416==    by 0x543C462: __printf_fp_l (printf_fp.c:681)
==6416==    by 0x5438A06: vfprintf (vfprintf.c:1642)
==6416==    by 0x543A67F: buffered_vfprintf (vfprintf.c:2329)
==6416==    by 0x5437725: vfprintf (vfprintf.c:1301)
==6416==    by 0x5440F25: printf (printf.c:33)
==6416==    by 0x108810: main (main.c:13)
==6416== 
==6416== Use of uninitialised value of size 8
==6416==    at 0x542EA33: __mpn_add_n (add_n.S:37)
==6416==    by 0x542F711: __mpn_mul (mul.c:95)
==6416==    by 0x543C462: __printf_fp_l (printf_fp.c:681)
==6416==    by 0x5438A06: vfprintf (vfprintf.c:1642)
==6416==    by 0x543A67F: buffered_vfprintf (vfprintf.c:2329)
==6416==    by 0x5437725: vfprintf (vfprintf.c:1301)
==6416==    by 0x5440F25: printf (printf.c:33)
==6416==    by 0x108810: main (main.c:13)
==6416== 
==6416== Use of uninitialised value of size 8
==6416==    at 0x542F6CF: __mpn_mul (mul.c:100)
==6416==    by 0x543C462: __printf_fp_l (printf_fp.c:681)
==6416==    by 0x5438A06: vfprintf (vfprintf.c:1642)
==6416==    by 0x543A67F: buffered_vfprintf (vfprintf.c:2329)
==6416==    by 0x5437725: vfprintf (vfprintf.c:1301)
==6416==    by 0x5440F25: printf (printf.c:33)
==6416==    by 0x108810: main (main.c:13)
==6416== 
==6416== Conditional jump or move depends on uninitialised value(s)
==6416==    at 0x542F6DE: __mpn_mul (mul.c:88)
==6416==    by 0x543C462: __printf_fp_l (printf_fp.c:681)
==6416==    by 0x5438A06: vfprintf (vfprintf.c:1642)
==6416==    by 0x543A67F: buffered_vfprintf (vfprintf.c:2329)
==6416==    by 0x5437725: vfprintf (vfprintf.c:1301)
==6416==    by 0x5440F25: printf (printf.c:33)
==6416==    by 0x108810: main (main.c:13)
==6416== 
==6416== Conditional jump or move depends on uninitialised value(s)
==6416==    at 0x543C474: __printf_fp_l (printf_fp.c:690)
==6416==    by 0x5438A06: vfprintf (vfprintf.c:1642)
==6416==    by 0x543A67F: buffered_vfprintf (vfprintf.c:2329)
==6416==    by 0x5437725: vfprintf (vfprintf.c:1301)
==6416==    by 0x5440F25: printf (printf.c:33)
==6416==    by 0x108810: main (main.c:13)
==6416== 
==6416== Use of uninitialised value of size 8
==6416==    at 0x543C4A1: __printf_fp_l (printf_fp.c:693)
==6416==    by 0x5438A06: vfprintf (vfprintf.c:1642)
==6416==    by 0x543A67F: buffered_vfprintf (vfprintf.c:2329)
==6416==    by 0x5437725: vfprintf (vfprintf.c:1301)
==6416==    by 0x5440F25: printf (printf.c:33)
==6416==    by 0x108810: main (main.c:13)
==6416== 
==6416== Conditional jump or move depends on uninitialised value(s)
==6416==    at 0x543C4C0: __printf_fp_l (printf_fp.c:702)
==6416==    by 0x5438A06: vfprintf (vfprintf.c:1642)
==6416==    by 0x543A67F: buffered_vfprintf (vfprintf.c:2329)
==6416==    by 0x5437725: vfprintf (vfprintf.c:1301)
==6416==    by 0x5440F25: printf (printf.c:33)
==6416==    by 0x108810: main (main.c:13)
==6416== 
==6416== Conditional jump or move depends on uninitialised value(s)
==6416==    at 0x543C4CC: __printf_fp_l (printf_fp.c:724)
==6416==    by 0x5438A06: vfprintf (vfprintf.c:1642)
==6416==    by 0x543A67F: buffered_vfprintf (vfprintf.c:2329)
==6416==    by 0x5437725: vfprintf (vfprintf.c:1301)
==6416==    by 0x5440F25: printf (printf.c:33)
==6416==    by 0x108810: main (main.c:13)
==6416== 
==6416== Use of uninitialised value of size 8
==6416==    at 0x543C57C: __printf_fp_l (printf_fp.c:741)
==6416==    by 0x5438A06: vfprintf (vfprintf.c:1642)
==6416==    by 0x543A67F: buffered_vfprintf (vfprintf.c:2329)
==6416==    by 0x5437725: vfprintf (vfprintf.c:1301)
==6416==    by 0x5440F25: printf (printf.c:33)
==6416==    by 0x108810: main (main.c:13)
==6416== 
==6416== Conditional jump or move depends on uninitialised value(s)
==6416==    at 0x543C582: __printf_fp_l (printf_fp.c:741)
==6416==    by 0x5438A06: vfprintf (vfprintf.c:1642)
==6416==    by 0x543A67F: buffered_vfprintf (vfprintf.c:2329)
==6416==    by 0x5437725: vfprintf (vfprintf.c:1301)
==6416==    by 0x5440F25: printf (printf.c:33)
==6416==    by 0x108810: main (main.c:13)
==6416== 
==6416== Use of uninitialised value of size 8
==6416==    at 0x543C5A6: __printf_fp_l (printf_fp.c:741)
==6416==    by 0x5438A06: vfprintf (vfprintf.c:1642)
==6416==    by 0x543A67F: buffered_vfprintf (vfprintf.c:2329)
==6416==    by 0x5437725: vfprintf (vfprintf.c:1301)
==6416==    by 0x5440F25: printf (printf.c:33)
==6416==    by 0x108810: main (main.c:13)
==6416== 
==6416== Conditional jump or move depends on uninitialised value(s)
==6416==    at 0x543C5C3: __printf_fp_l (printf_fp.c:741)
==6416==    by 0x5438A06: vfprintf (vfprintf.c:1642)
==6416==    by 0x543A67F: buffered_vfprintf (vfprintf.c:2329)
==6416==    by 0x5437725: vfprintf (vfprintf.c:1301)
==6416==    by 0x5440F25: printf (printf.c:33)
==6416==    by 0x108810: main (main.c:13)
==6416== 
==6416== Conditional jump or move depends on uninitialised value(s)
==6416==    at 0x543C5C9: __printf_fp_l (printf_fp.c:742)
==6416==    by 0x5438A06: vfprintf (vfprintf.c:1642)
==6416==    by 0x543A67F: buffered_vfprintf (vfprintf.c:2329)
==6416==    by 0x5437725: vfprintf (vfprintf.c:1301)
==6416==    by 0x5440F25: printf (printf.c:33)
==6416==    by 0x108810: main (main.c:13)
==6416== 
==6416== Conditional jump or move depends on uninitialised value(s)
==6416==    at 0x543C5E8: __printf_fp_l (printf_fp.c:763)
==6416==    by 0x5438A06: vfprintf (vfprintf.c:1642)
==6416==    by 0x543A67F: buffered_vfprintf (vfprintf.c:2329)
==6416==    by 0x5437725: vfprintf (vfprintf.c:1301)
==6416==    by 0x5440F25: printf (printf.c:33)
==6416==    by 0x108810: main (main.c:13)
==6416== 
==6416== Use of uninitialised value of size 8
==6416==    at 0x542F3F8: __mpn_rshift (rshift.S:92)
==6416==    by 0x543C5FD: __printf_fp_l (printf_fp.c:775)
==6416==    by 0x5438A06: vfprintf (vfprintf.c:1642)
==6416==    by 0x543A67F: buffered_vfprintf (vfprintf.c:2329)
==6416==    by 0x5437725: vfprintf (vfprintf.c:1301)
==6416==    by 0x5440F25: printf (printf.c:33)
==6416==    by 0x108810: main (main.c:13)
==6416== 
==6416== Use of uninitialised value of size 8
==6416==    at 0x542F8C4: __mpn_mul_1 (mul_1.S:36)
==6416==    by 0x542F684: __mpn_mul (mul.c:81)
==6416==    by 0x543C533: __printf_fp_l (printf_fp.c:686)
==6416==    by 0x5438A06: vfprintf (vfprintf.c:1642)
==6416==    by 0x543A67F: buffered_vfprintf (vfprintf.c:2329)
==6416==    by 0x5437725: vfprintf (vfprintf.c:1301)
==6416==    by 0x5440F25: printf (printf.c:33)
==6416==    by 0x108810: main (main.c:13)
==6416== 
==6416== Use of uninitialised value of size 8
==6416==    at 0x542F995: __mpn_mul_1 (mul_1.S:104)
==6416==    by 0x542F684: __mpn_mul (mul.c:81)
==6416==    by 0x543C533: __printf_fp_l (printf_fp.c:686)
==6416==    by 0x5438A06: vfprintf (vfprintf.c:1642)
==6416==    by 0x543A67F: buffered_vfprintf (vfprintf.c:2329)
==6416==    by 0x5437725: vfprintf (vfprintf.c:1301)
==6416==    by 0x5440F25: printf (printf.c:33)
==6416==    by 0x108810: main (main.c:13)
==6416== 
==6416== Use of uninitialised value of size 8
==6416==    at 0x542F99D: __mpn_mul_1 (mul_1.S:106)
==6416==    by 0x542F684: __mpn_mul (mul.c:81)
==6416==    by 0x543C533: __printf_fp_l (printf_fp.c:686)
==6416==    by 0x5438A06: vfprintf (vfprintf.c:1642)
==6416==    by 0x543A67F: buffered_vfprintf (vfprintf.c:2329)
==6416==    by 0x5437725: vfprintf (vfprintf.c:1301)
==6416==    by 0x5440F25: printf (printf.c:33)
==6416==    by 0x108810: main (main.c:13)
==6416== 
==6416== Use of uninitialised value of size 8
==6416==    at 0x542F960: __mpn_mul_1 (mul_1.S:90)
==6416==    by 0x542F684: __mpn_mul (mul.c:81)
==6416==    by 0x543C533: __printf_fp_l (printf_fp.c:686)
==6416==    by 0x5438A06: vfprintf (vfprintf.c:1642)
==6416==    by 0x543A67F: buffered_vfprintf (vfprintf.c:2329)
==6416==    by 0x5437725: vfprintf (vfprintf.c:1301)
==6416==    by 0x5440F25: printf (printf.c:33)
==6416==    by 0x108810: main (main.c:13)
==6416== 
==6416== Use of uninitialised value of size 8
==6416==    at 0x542F967: __mpn_mul_1 (mul_1.S:92)
==6416==    by 0x542F684: __mpn_mul (mul.c:81)
==6416==    by 0x543C533: __printf_fp_l (printf_fp.c:686)
==6416==    by 0x5438A06: vfprintf (vfprintf.c:1642)
==6416==    by 0x543A67F: buffered_vfprintf (vfprintf.c:2329)
==6416==    by 0x5437725: vfprintf (vfprintf.c:1301)
==6416==    by 0x5440F25: printf (printf.c:33)
==6416==    by 0x108810: main (main.c:13)
==6416== 
==6416== Use of uninitialised value of size 8
==6416==    at 0x542F9C2: __mpn_mul_1 (mul_1.S:117)
==6416==    by 0x542F684: __mpn_mul (mul.c:81)
==6416==    by 0x543C533: __printf_fp_l (printf_fp.c:686)
==6416==    by 0x5438A06: vfprintf (vfprintf.c:1642)
==6416==    by 0x543A67F: buffered_vfprintf (vfprintf.c:2329)
==6416==    by 0x5437725: vfprintf (vfprintf.c:1301)
==6416==    by 0x5440F25: printf (printf.c:33)
==6416==    by 0x108810: main (main.c:13)
==6416== 
==6416== Use of uninitialised value of size 8
==6416==    at 0x542F695: __mpn_mul (mul.c:83)
==6416==    by 0x543C533: __printf_fp_l (printf_fp.c:686)
==6416==    by 0x5438A06: vfprintf (vfprintf.c:1642)
==6416==    by 0x543A67F: buffered_vfprintf (vfprintf.c:2329)
==6416==    by 0x5437725: vfprintf (vfprintf.c:1301)
==6416==    by 0x5440F25: printf (printf.c:33)
==6416==    by 0x108810: main (main.c:13)
==6416== 
==6416== Use of uninitialised value of size 8
==6416==    at 0x542EAE8: __mpn_addmul_1 (addmul_1.S:40)
==6416==    by 0x1FFEFFD7DF: ???
==6416==    by 0x543C533: __printf_fp_l (printf_fp.c:686)
==6416==    by 0x5438A06: vfprintf (vfprintf.c:1642)
==6416==    by 0x543A67F: buffered_vfprintf (vfprintf.c:2329)
==6416==    by 0x5437725: vfprintf (vfprintf.c:1301)
==6416==    by 0x5440F25: printf (printf.c:33)
==6416==    by 0x108810: main (main.c:13)
==6416== 
==6416== Use of uninitialised value of size 8
==6416==    at 0x542EAEB: __mpn_addmul_1 (addmul_1.S:41)
==6416==    by 0x1FFEFFD7DF: ???
==6416==    by 0x543C533: __printf_fp_l (printf_fp.c:686)
==6416==    by 0x5438A06: vfprintf (vfprintf.c:1642)
==6416==    by 0x543A67F: buffered_vfprintf (vfprintf.c:2329)
==6416==    by 0x5437725: vfprintf (vfprintf.c:1301)
==6416==    by 0x5440F25: printf (printf.c:33)
==6416==    by 0x108810: main (main.c:13)
==6416== 
==6416== Use of uninitialised value of size 8
==6416==    at 0x542F6CF: __mpn_mul (mul.c:100)
==6416==    by 0x543C533: __printf_fp_l (printf_fp.c:686)
==6416==    by 0x5438A06: vfprintf (vfprintf.c:1642)
==6416==    by 0x543A67F: buffered_vfprintf (vfprintf.c:2329)
==6416==    by 0x5437725: vfprintf (vfprintf.c:1301)
==6416==    by 0x5440F25: printf (printf.c:33)
==6416==    by 0x108810: main (main.c:13)
==6416== 
==6416== Conditional jump or move depends on uninitialised value(s)
==6416==    at 0x542F6DE: __mpn_mul (mul.c:88)
==6416==    by 0x543C533: __printf_fp_l (printf_fp.c:686)
==6416==    by 0x5438A06: vfprintf (vfprintf.c:1642)
==6416==    by 0x543A67F: buffered_vfprintf (vfprintf.c:2329)
==6416==    by 0x5437725: vfprintf (vfprintf.c:1301)
==6416==    by 0x5440F25: printf (printf.c:33)
==6416==    by 0x108810: main (main.c:13)
==6416== 
==6416== Use of uninitialised value of size 8
==6416==    at 0x542F347: __mpn_rshift (rshift.S:33)
==6416==    by 0x543C5FD: __printf_fp_l (printf_fp.c:775)
==6416==    by 0x5438A06: vfprintf (vfprintf.c:1642)
==6416==    by 0x543A67F: buffered_vfprintf (vfprintf.c:2329)
==6416==    by 0x5437725: vfprintf (vfprintf.c:1301)
==6416==    by 0x5440F25: printf (printf.c:33)
==6416==    by 0x108810: main (main.c:13)
==6416== 
==6416== Use of uninitialised value of size 8
==6416==    at 0x542F41A: __mpn_rshift (rshift.S:101)
==6416==    by 0x543C5FD: __printf_fp_l (printf_fp.c:775)
==6416==    by 0x5438A06: vfprintf (vfprintf.c:1642)
==6416==    by 0x543A67F: buffered_vfprintf (vfprintf.c:2329)
==6416==    by 0x5437725: vfprintf (vfprintf.c:1301)
==6416==    by 0x5440F25: printf (printf.c:33)
==6416==    by 0x108810: main (main.c:13)
==6416== 
==6416== Use of uninitialised value of size 8
==6416==    at 0x542F982: __mpn_mul_1 (mul_1.S:99)
==6416==    by 0x542F684: __mpn_mul (mul.c:81)
==6416==    by 0x543C533: __printf_fp_l (printf_fp.c:686)
==6416==    by 0x5438A06: vfprintf (vfprintf.c:1642)
==6416==    by 0x543A67F: buffered_vfprintf (vfprintf.c:2329)
==6416==    by 0x5437725: vfprintf (vfprintf.c:1301)
==6416==    by 0x5440F25: printf (printf.c:33)
==6416==    by 0x108810: main (main.c:13)
==6416== 
==6416== Use of uninitialised value of size 8
==6416==    at 0x542F98A: __mpn_mul_1 (mul_1.S:101)
==6416==    by 0x542F684: __mpn_mul (mul.c:81)
==6416==    by 0x543C533: __printf_fp_l (printf_fp.c:686)
==6416==    by 0x5438A06: vfprintf (vfprintf.c:1642)
==6416==    by 0x543A67F: buffered_vfprintf (vfprintf.c:2329)
==6416==    by 0x5437725: vfprintf (vfprintf.c:1301)
==6416==    by 0x5440F25: printf (printf.c:33)
==6416==    by 0x108810: main (main.c:13)
==6416== 
==6416== Conditional jump or move depends on uninitialised value(s)
==6416==    at 0x543D3E1: __printf_fp_l (printf_fp.c:742)
==6416==    by 0x5438A06: vfprintf (vfprintf.c:1642)
==6416==    by 0x543A67F: buffered_vfprintf (vfprintf.c:2329)
==6416==    by 0x5437725: vfprintf (vfprintf.c:1301)
==6416==    by 0x5440F25: printf (printf.c:33)
==6416==    by 0x108810: main (main.c:13)
==6416== 
==6416== Conditional jump or move depends on uninitialised value(s)
==6416==    at 0x543D3FD: __printf_fp_l (printf_fp.c:752)
==6416==    by 0x5438A06: vfprintf (vfprintf.c:1642)
==6416==    by 0x543A67F: buffered_vfprintf (vfprintf.c:2329)
==6416==    by 0x5437725: vfprintf (vfprintf.c:1301)
==6416==    by 0x5440F25: printf (printf.c:33)
==6416==    by 0x108810: main (main.c:13)
==6416== 
==6416== Use of uninitialised value of size 8
==6416==    at 0x542F241: __mpn_lshift (lshift.S:36)
==6416==    by 0x543D41C: __printf_fp_l (printf_fp.c:758)
==6416==    by 0x5438A06: vfprintf (vfprintf.c:1642)
==6416==    by 0x543A67F: buffered_vfprintf (vfprintf.c:2329)
==6416==    by 0x5437725: vfprintf (vfprintf.c:1301)
==6416==    by 0x5440F25: printf (printf.c:33)
==6416==    by 0x108810: main (main.c:13)
==6416== 
==6416== Use of uninitialised value of size 8
==6416==    at 0x542F30A: __mpn_lshift (lshift.S:103)
==6416==    by 0x543D41C: __printf_fp_l (printf_fp.c:758)
==6416==    by 0x5438A06: vfprintf (vfprintf.c:1642)
==6416==    by 0x543A67F: buffered_vfprintf (vfprintf.c:2329)
==6416==    by 0x5437725: vfprintf (vfprintf.c:1301)
==6416==    by 0x5440F25: printf (printf.c:33)
==6416==    by 0x108810: main (main.c:13)
==6416== 
==6416== Use of uninitialised value of size 8
==6416==    at 0x542F2E7: __mpn_lshift (lshift.S:94)
==6416==    by 0x543D41C: __printf_fp_l (printf_fp.c:758)
==6416==    by 0x5438A06: vfprintf (vfprintf.c:1642)
==6416==    by 0x543A67F: buffered_vfprintf (vfprintf.c:2329)
==6416==    by 0x5437725: vfprintf (vfprintf.c:1301)
==6416==    by 0x5440F25: printf (printf.c:33)
==6416==    by 0x108810: main (main.c:13)
==6416== 
==6416== Use of uninitialised value of size 8
==6416==    at 0x543D433: __printf_fp_l (printf_fp.c:761)
==6416==    by 0x5438A06: vfprintf (vfprintf.c:1642)
==6416==    by 0x543A67F: buffered_vfprintf (vfprintf.c:2329)
==6416==    by 0x5437725: vfprintf (vfprintf.c:1301)
==6416==    by 0x5440F25: printf (printf.c:33)
==6416==    by 0x108810: main (main.c:13)
==6416== 
==6416== Use of uninitialised value of size 8
==6416==    at 0x542F905: __mpn_mul_1 (mul_1.S:60)
==6416==    by 0x542F684: __mpn_mul (mul.c:81)
==6416==    by 0x543C533: __printf_fp_l (printf_fp.c:686)
==6416==    by 0x5438A06: vfprintf (vfprintf.c:1642)
==6416==    by 0x543A67F: buffered_vfprintf (vfprintf.c:2329)
==6416==    by 0x5437725: vfprintf (vfprintf.c:1301)
==6416==    by 0x5440F25: printf (printf.c:33)
==6416==    by 0x108810: main (main.c:13)
==6416== 
==6416== Use of uninitialised value of size 8
==6416==    at 0x542F977: __mpn_mul_1 (mul_1.S:96)
==6416==    by 0x542F684: __mpn_mul (mul.c:81)
==6416==    by 0x543C533: __printf_fp_l (printf_fp.c:686)
==6416==    by 0x5438A06: vfprintf (vfprintf.c:1642)
==6416==    by 0x543A67F: buffered_vfprintf (vfprintf.c:2329)
==6416==    by 0x5437725: vfprintf (vfprintf.c:1301)
==6416==    by 0x5440F25: printf (printf.c:33)
==6416==    by 0x108810: main (main.c:13)
==6416== 
==6416== Use of uninitialised value of size 8
==6416==    at 0x542F36E: __mpn_rshift (rshift.S:46)
==6416==    by 0x543C5FD: __printf_fp_l (printf_fp.c:775)
==6416==    by 0x5438A06: vfprintf (vfprintf.c:1642)
==6416==    by 0x543A67F: buffered_vfprintf (vfprintf.c:2329)
==6416==    by 0x5437725: vfprintf (vfprintf.c:1301)
==6416==    by 0x5440F25: printf (printf.c:33)
==6416==    by 0x108810: main (main.c:13)
==6416== 
==6416== Use of uninitialised value of size 8
==6416==    at 0x542F37D: __mpn_rshift (rshift.S:51)
==6416==    by 0x543C5FD: __printf_fp_l (printf_fp.c:775)
==6416==    by 0x5438A06: vfprintf (vfprintf.c:1642)
==6416==    by 0x543A67F: buffered_vfprintf (vfprintf.c:2329)
==6416==    by 0x5437725: vfprintf (vfprintf.c:1301)
==6416==    by 0x5440F25: printf (printf.c:33)
==6416==    by 0x108810: main (main.c:13)
==6416== 
==6416== Use of uninitialised value of size 8
==6416==    at 0x542F40A: __mpn_rshift (rshift.S:97)
==6416==    by 0x543C5FD: __printf_fp_l (printf_fp.c:775)
==6416==    by 0x5438A06: vfprintf (vfprintf.c:1642)
==6416==    by 0x543A67F: buffered_vfprintf (vfprintf.c:2329)
==6416==    by 0x5437725: vfprintf (vfprintf.c:1301)
==6416==    by 0x5440F25: printf (printf.c:33)
==6416==    by 0x108810: main (main.c:13)
==6416== 
==6416== Use of uninitialised value of size 8
==6416==    at 0x542F40E: __mpn_rshift (rshift.S:98)
==6416==    by 0x543C5FD: __printf_fp_l (printf_fp.c:775)
==6416==    by 0x5438A06: vfprintf (vfprintf.c:1642)
==6416==    by 0x543A67F: buffered_vfprintf (vfprintf.c:2329)
==6416==    by 0x5437725: vfprintf (vfprintf.c:1301)
==6416==    by 0x5440F25: printf (printf.c:33)
==6416==    by 0x108810: main (main.c:13)
==6416== 
==6416== Use of uninitialised value of size 8
==6416==    at 0x542F3F4: __mpn_rshift (rshift.S:91)
==6416==    by 0x543C5FD: __printf_fp_l (printf_fp.c:775)
==6416==    by 0x5438A06: vfprintf (vfprintf.c:1642)
==6416==    by 0x543A67F: buffered_vfprintf (vfprintf.c:2329)
==6416==    by 0x5437725: vfprintf (vfprintf.c:1301)
==6416==    by 0x5440F25: printf (printf.c:33)
==6416==    by 0x108810: main (main.c:13)
==6416== 
==6416== Conditional jump or move depends on uninitialised value(s)
==6416==    at 0x543C66E: __printf_fp_l (printf_fp.c:787)
==6416==    by 0x5438A06: vfprintf (vfprintf.c:1642)
==6416==    by 0x543A67F: buffered_vfprintf (vfprintf.c:2329)
==6416==    by 0x5437725: vfprintf (vfprintf.c:1301)
==6416==    by 0x5440F25: printf (printf.c:33)
==6416==    by 0x108810: main (main.c:13)
==6416== 
==6416== Use of uninitialised value of size 8
==6416==    at 0x543CC37: __printf_fp_l (printf_fp.c:987)
==6416==    by 0x5438A06: vfprintf (vfprintf.c:1642)
==6416==    by 0x543A67F: buffered_vfprintf (vfprintf.c:2329)
==6416==    by 0x5437725: vfprintf (vfprintf.c:1301)
==6416==    by 0x5440F25: printf (printf.c:33)
==6416==    by 0x108810: main (main.c:13)
==6416== 
==6416== Conditional jump or move depends on uninitialised value(s)
==6416==    at 0x543CC3D: __printf_fp_l (printf_fp.c:987)
==6416==    by 0x5438A06: vfprintf (vfprintf.c:1642)
==6416==    by 0x543A67F: buffered_vfprintf (vfprintf.c:2329)
==6416==    by 0x5437725: vfprintf (vfprintf.c:1301)
==6416==    by 0x5440F25: printf (printf.c:33)
==6416==    by 0x108810: main (main.c:13)
==6416== 
==6416== Conditional jump or move depends on uninitialised value(s)
==6416==    at 0x543BCB1: __printf_fp_l (printf_fp.c:1162)
==6416==    by 0x5438A06: vfprintf (vfprintf.c:1642)
==6416==    by 0x543A67F: buffered_vfprintf (vfprintf.c:2329)
==6416==    by 0x5437725: vfprintf (vfprintf.c:1301)
==6416==    by 0x5440F25: printf (printf.c:33)
==6416==    by 0x108810: main (main.c:13)
==6416== 
==6416== Conditional jump or move depends on uninitialised value(s)
==6416==    at 0x543BDA4: __printf_fp_l (printf_fp.c:1169)
==6416==    by 0x5438A06: vfprintf (vfprintf.c:1642)
==6416==    by 0x543A67F: buffered_vfprintf (vfprintf.c:2329)
==6416==    by 0x5437725: vfprintf (vfprintf.c:1301)
==6416==    by 0x5440F25: printf (printf.c:33)
==6416==    by 0x108810: main (main.c:13)
==6416== 
==6416== Use of uninitialised value of size 8
==6416==    at 0x542F98A: __mpn_mul_1 (mul_1.S:101)
==6416==    by 0x542F684: __mpn_mul (mul.c:81)
==6416==    by 0x543C462: __printf_fp_l (printf_fp.c:681)
==6416==    by 0x5438A06: vfprintf (vfprintf.c:1642)
==6416==    by 0x543A67F: buffered_vfprintf (vfprintf.c:2329)
==6416==    by 0x5437725: vfprintf (vfprintf.c:1301)
==6416==    by 0x5440F25: printf (printf.c:33)
==6416==    by 0x108810: main (main.c:13)
==6416== 
==6416== Use of uninitialised value of size 8
==6416==    at 0x542F430: __mpn_rshift (rshift.S:108)
==6416==    by 0x543C5FD: __printf_fp_l (printf_fp.c:775)
==6416==    by 0x5438A06: vfprintf (vfprintf.c:1642)
==6416==    by 0x543A67F: buffered_vfprintf (vfprintf.c:2329)
==6416==    by 0x5437725: vfprintf (vfprintf.c:1301)
==6416==    by 0x5440F25: printf (printf.c:33)
==6416==    by 0x108810: main (main.c:13)
==6416== 
==6416== 
==6416== Process terminating with default action of signal 1 (SIGHUP)
==6416==    at 0x54EC152: write (write.c:27)
==6416==    by 0x54671BC: _IO_file_write@@GLIBC_2.2.5 (fileops.c:1203)
==6416==    by 0x5467B2E: new_do_write (fileops.c:457)
==6416==    by 0x5467B2E: _IO_file_xsputn@@GLIBC_2.2.5 (fileops.c:1277)
==6416==    by 0x543A706: buffered_vfprintf (vfprintf.c:2350)
==6416==    by 0x5437725: vfprintf (vfprintf.c:1301)
==6416==    by 0x5440F25: printf (printf.c:33)
==6416==    by 0x108810: main (main.c:13)
==6416== 
==6416== HEAP SUMMARY:
==6416==     in use at exit: 0 bytes in 0 blocks
==6416==   total heap usage: 1 allocs, 1 frees, 1,024 bytes allocated
==6416== 
==6416== All heap blocks were freed -- no leaks are possible
==6416== 
==6416== For counts of detected and suppressed errors, rerun with: -v
==6416== Use --track-origins=yes to see where uninitialised values come from
==6416== ERROR SUMMARY: 258 errors from 71 contexts (suppressed: 0 from 0)
