==22813== Memcheck, a memory error detector
==22813== Copyright (C) 2002-2017, and GNU GPL'd, by Julian Seward et al.
==22813== Using Valgrind-3.13.0 and LibVEX; rerun with -h for copyright info
==22813== Command: /rhome/j/jhasanovic1/workspace/OR/ZSR2/Z6/.runme
==22813== Parent PID: 22798
==22813== 
==22813== 
==22813== Process terminating with default action of signal 15 (SIGTERM)
==22813==    at 0x54EC081: read (read.c:27)
==22813==    by 0x5469147: _IO_file_underflow@@GLIBC_2.2.5 (fileops.c:531)
==22813==    by 0x546A3F1: _IO_default_uflow (genops.c:380)
==22813==    by 0x5447BE9: _IO_vfscanf (vfscanf.c:630)
==22813==    by 0x5457FD7: __isoc99_scanf (isoc99_scanf.c:37)
==22813==    by 0x1087D1: main (main.c:12)
==22813== 
==22813== HEAP SUMMARY:
==22813==     in use at exit: 0 bytes in 0 blocks
==22813==   total heap usage: 1 allocs, 1 frees, 1,024 bytes allocated
==22813== 
==22813== All heap blocks were freed -- no leaks are possible
==22813== 
==22813== For counts of detected and suppressed errors, rerun with: -v
==22813== ERROR SUMMARY: 0 errors from 0 contexts (suppressed: 0 from 0)
