==1829== Memcheck, a memory error detector
==1829== Copyright (C) 2002-2017, and GNU GPL'd, by Julian Seward et al.
==1829== Using Valgrind-3.13.0 and LibVEX; rerun with -h for copyright info
==1829== Command: /rhome/j/jhasanovic1/workspace/OR/ZSR9/Z2/.runme
==1829== Parent PID: 1815
==1829== 
==1829== 
==1829== Process terminating with default action of signal 11 (SIGSEGV): dumping core
==1829==  Bad permissions for mapped region at address 0x10877F
==1829==    at 0x1086B9: posljednja_rijec (main.c:26)
==1829==    by 0x1086D1: main (main.c:49)
==1829== 
==1829== HEAP SUMMARY:
==1829==     in use at exit: 0 bytes in 0 blocks
==1829==   total heap usage: 0 allocs, 0 frees, 0 bytes allocated
==1829== 
==1829== All heap blocks were freed -- no leaks are possible
==1829== 
==1829== For counts of detected and suppressed errors, rerun with: -v
==1829== ERROR SUMMARY: 0 errors from 0 contexts (suppressed: 0 from 0)
