==16702== Memcheck, a memory error detector
==16702== Copyright (C) 2002-2017, and GNU GPL'd, by Julian Seward et al.
==16702== Using Valgrind-3.13.0 and LibVEX; rerun with -h for copyright info
==16702== Command: /rhome/j/jhasanovic1/workspace/OR/ZSR2/Z17/.runme
==16702== Parent PID: 16689
==16702== 
==16702== Conditional jump or move depends on uninitialised value(s)
==16702==    at 0x108767: main (main.c:7)
==16702== 
==16702== 
==16702== Process terminating with default action of signal 1 (SIGHUP)
==16702==    at 0x514E152: write (write.c:27)
==16702==    by 0x50C91BC: _IO_file_write@@GLIBC_2.2.5 (fileops.c:1203)
==16702==    by 0x50C9B2E: new_do_write (fileops.c:457)
==16702==    by 0x50C9B2E: _IO_file_xsputn@@GLIBC_2.2.5 (fileops.c:1277)
==16702==    by 0x509C706: buffered_vfprintf (vfprintf.c:2350)
==16702==    by 0x5099725: vfprintf (vfprintf.c:1301)
==16702==    by 0x50A2F25: printf (printf.c:33)
==16702==    by 0x108942: main (main.c:49)
==16702== 
==16702== HEAP SUMMARY:
==16702==     in use at exit: 0 bytes in 0 blocks
==16702==   total heap usage: 1 allocs, 1 frees, 1,024 bytes allocated
==16702== 
==16702== All heap blocks were freed -- no leaks are possible
==16702== 
==16702== For counts of detected and suppressed errors, rerun with: -v
==16702== Use --track-origins=yes to see where uninitialised values come from
==16702== ERROR SUMMARY: 1 errors from 1 contexts (suppressed: 0 from 0)
