==3861== Memcheck, a memory error detector
==3861== Copyright (C) 2002-2017, and GNU GPL'd, by Julian Seward et al.
==3861== Using Valgrind-3.13.0 and LibVEX; rerun with -h for copyright info
==3861== Command: /rhome/j/jhasanovic1/workspace/OR/Z3/Z4/.runme
==3861== Parent PID: 3857
==3861== 
==3861== 
==3861== Process terminating with default action of signal 1 (SIGHUP)
==3861==    at 0x514E081: read (read.c:27)
==3861==    by 0x50CB147: _IO_file_underflow@@GLIBC_2.2.5 (fileops.c:531)
==3861==    by 0x50CC3F1: _IO_default_uflow (genops.c:380)
==3861==    by 0x50A9BE9: _IO_vfscanf (vfscanf.c:630)
==3861==    by 0x50B9FD7: __isoc99_scanf (isoc99_scanf.c:37)
==3861==    by 0x108BA4: main (main.c:79)
==3861== 
==3861== HEAP SUMMARY:
==3861==     in use at exit: 0 bytes in 0 blocks
==3861==   total heap usage: 1 allocs, 1 frees, 1,024 bytes allocated
==3861== 
==3861== All heap blocks were freed -- no leaks are possible
==3861== 
==3861== For counts of detected and suppressed errors, rerun with: -v
==3861== ERROR SUMMARY: 0 errors from 0 contexts (suppressed: 0 from 0)
