==22742== Memcheck, a memory error detector
==22742== Copyright (C) 2002-2017, and GNU GPL'd, by Julian Seward et al.
==22742== Using Valgrind-3.13.0 and LibVEX; rerun with -h for copyright info
==22742== Command: /rhome/j/jhasanovic1/workspace/OR/ZSR4/Z1/.runme
==22742== Parent PID: 22728
==22742== 
==22742== 
==22742== Process terminating with default action of signal 1 (SIGHUP)
==22742==    at 0x514E081: read (read.c:27)
==22742==    by 0x50CB147: _IO_file_underflow@@GLIBC_2.2.5 (fileops.c:531)
==22742==    by 0x50CC3F1: _IO_default_uflow (genops.c:380)
==22742==    by 0x50A9BE9: _IO_vfscanf (vfscanf.c:630)
==22742==    by 0x50B9FD7: __isoc99_scanf (isoc99_scanf.c:37)
==22742==    by 0x108760: main (main.c:10)
==22742== 
==22742== HEAP SUMMARY:
==22742==     in use at exit: 0 bytes in 0 blocks
==22742==   total heap usage: 1 allocs, 1 frees, 1,024 bytes allocated
==22742== 
==22742== All heap blocks were freed -- no leaks are possible
==22742== 
==22742== For counts of detected and suppressed errors, rerun with: -v
==22742== ERROR SUMMARY: 0 errors from 0 contexts (suppressed: 0 from 0)
