==9073== Memcheck, a memory error detector
==9073== Copyright (C) 2002-2017, and GNU GPL'd, by Julian Seward et al.
==9073== Using Valgrind-3.13.0 and LibVEX; rerun with -h for copyright info
==9073== Command: /rhome/j/jhasanovic1/workspace/OR/ZSR6/Z6/.runme
==9073== Parent PID: 9060
==9073== 
==9073== 
==9073== Process terminating with default action of signal 1 (SIGHUP)
==9073==    at 0x514E081: read (read.c:27)
==9073==    by 0x50CB147: _IO_file_underflow@@GLIBC_2.2.5 (fileops.c:531)
==9073==    by 0x50CC3F1: _IO_default_uflow (genops.c:380)
==9073==    by 0x50A9BE9: _IO_vfscanf (vfscanf.c:630)
==9073==    by 0x50B9FD7: __isoc99_scanf (isoc99_scanf.c:37)
==9073==    by 0x108793: main (main.c:13)
==9073== 
==9073== HEAP SUMMARY:
==9073==     in use at exit: 0 bytes in 0 blocks
==9073==   total heap usage: 1 allocs, 1 frees, 1,024 bytes allocated
==9073== 
==9073== All heap blocks were freed -- no leaks are possible
==9073== 
==9073== For counts of detected and suppressed errors, rerun with: -v
==9073== ERROR SUMMARY: 0 errors from 0 contexts (suppressed: 0 from 0)
