==21691== Memcheck, a memory error detector
==21691== Copyright (C) 2002-2017, and GNU GPL'd, by Julian Seward et al.
==21691== Using Valgrind-3.13.0 and LibVEX; rerun with -h for copyright info
==21691== Command: /rhome/j/jhasanovic1/workspace/OR/Z3/Z1/.runme
==21691== Parent PID: 21687
==21691== 
==21691== 
==21691== Process terminating with default action of signal 15 (SIGTERM)
==21691==    at 0x514E081: read (read.c:27)
==21691==    by 0x50CB147: _IO_file_underflow@@GLIBC_2.2.5 (fileops.c:531)
==21691==    by 0x50CC3F1: _IO_default_uflow (genops.c:380)
==21691==    by 0x50A9BE9: _IO_vfscanf (vfscanf.c:630)
==21691==    by 0x50B9FD7: __isoc99_scanf (isoc99_scanf.c:37)
==21691==    by 0x108B6D: main (main.c:81)
==21691== 
==21691== HEAP SUMMARY:
==21691==     in use at exit: 0 bytes in 0 blocks
==21691==   total heap usage: 1 allocs, 1 frees, 1,024 bytes allocated
==21691== 
==21691== All heap blocks were freed -- no leaks are possible
==21691== 
==21691== For counts of detected and suppressed errors, rerun with: -v
==21691== ERROR SUMMARY: 0 errors from 0 contexts (suppressed: 0 from 0)
