==21262== Memcheck, a memory error detector
==21262== Copyright (C) 2002-2017, and GNU GPL'd, by Julian Seward et al.
==21262== Using Valgrind-3.13.0 and LibVEX; rerun with -h for copyright info
==21262== Command: /rhome/j/jhasanovic1/workspace/OR/Z1/Z2/.runme
==21262== Parent PID: 21258
==21262== 
==21262== 
==21262== Process terminating with default action of signal 1 (SIGHUP)
==21262==    at 0x54EC081: read (read.c:27)
==21262==    by 0x5469147: _IO_file_underflow@@GLIBC_2.2.5 (fileops.c:531)
==21262==    by 0x546A3F1: _IO_default_uflow (genops.c:380)
==21262==    by 0x5447BE9: _IO_vfscanf (vfscanf.c:630)
==21262==    by 0x5457FD7: __isoc99_scanf (isoc99_scanf.c:37)
==21262==    by 0x108826: main (main.c:10)
==21262== 
==21262== HEAP SUMMARY:
==21262==     in use at exit: 0 bytes in 0 blocks
==21262==   total heap usage: 1 allocs, 1 frees, 1,024 bytes allocated
==21262== 
==21262== All heap blocks were freed -- no leaks are possible
==21262== 
==21262== For counts of detected and suppressed errors, rerun with: -v
==21262== ERROR SUMMARY: 0 errors from 0 contexts (suppressed: 0 from 0)
