==22940== Memcheck, a memory error detector
==22940== Copyright (C) 2002-2017, and GNU GPL'd, by Julian Seward et al.
==22940== Using Valgrind-3.13.0 and LibVEX; rerun with -h for copyright info
==22940== Command: /rhome/j/jhasanovic1/workspace/OR/ZSR2/Z12/.runme
==22940== Parent PID: 22936
==22940== 
==22940== 
==22940== Process terminating with default action of signal 1 (SIGHUP)
==22940==    at 0x514E081: read (read.c:27)
==22940==    by 0x50CB147: _IO_file_underflow@@GLIBC_2.2.5 (fileops.c:531)
==22940==    by 0x50CC3F1: _IO_default_uflow (genops.c:380)
==22940==    by 0x50A9BE9: _IO_vfscanf (vfscanf.c:630)
==22940==    by 0x50B9FD7: __isoc99_scanf (isoc99_scanf.c:37)
==22940==    by 0x108759: main (main.c:9)
==22940== 
==22940== HEAP SUMMARY:
==22940==     in use at exit: 0 bytes in 0 blocks
==22940==   total heap usage: 1 allocs, 1 frees, 1,024 bytes allocated
==22940== 
==22940== All heap blocks were freed -- no leaks are possible
==22940== 
==22940== For counts of detected and suppressed errors, rerun with: -v
==22940== ERROR SUMMARY: 0 errors from 0 contexts (suppressed: 0 from 0)
