==6130== Memcheck, a memory error detector
==6130== Copyright (C) 2002-2017, and GNU GPL'd, by Julian Seward et al.
==6130== Using Valgrind-3.13.0 and LibVEX; rerun with -h for copyright info
==6130== Command: /rhome/j/jhasanovic1/workspace/OR/ZSR6/Z2/.runme
==6130== Parent PID: 6118
==6130== 
==6130== 
==6130== Process terminating with default action of signal 15 (SIGTERM)
==6130==    at 0x514E081: read (read.c:27)
==6130==    by 0x50CB147: _IO_file_underflow@@GLIBC_2.2.5 (fileops.c:531)
==6130==    by 0x50CC3F1: _IO_default_uflow (genops.c:380)
==6130==    by 0x50A9BE9: _IO_vfscanf (vfscanf.c:630)
==6130==    by 0x50B9FD7: __isoc99_scanf (isoc99_scanf.c:37)
==6130==    by 0x1087F9: main (main.c:9)
==6130== 
==6130== HEAP SUMMARY:
==6130==     in use at exit: 0 bytes in 0 blocks
==6130==   total heap usage: 1 allocs, 1 frees, 1,024 bytes allocated
==6130== 
==6130== All heap blocks were freed -- no leaks are possible
==6130== 
==6130== For counts of detected and suppressed errors, rerun with: -v
==6130== ERROR SUMMARY: 0 errors from 0 contexts (suppressed: 0 from 0)
