==9702== Memcheck, a memory error detector
==9702== Copyright (C) 2002-2017, and GNU GPL'd, by Julian Seward et al.
==9702== Using Valgrind-3.13.0 and LibVEX; rerun with -h for copyright info
==9702== Command: /rhome/j/jhasanovic1/workspace/OR/ZSR2/Z10/.runme
==9702== Parent PID: 9689
==9702== 
==9702== 
==9702== Process terminating with default action of signal 1 (SIGHUP)
==9702==    at 0x514E081: read (read.c:27)
==9702==    by 0x50CB147: _IO_file_underflow@@GLIBC_2.2.5 (fileops.c:531)
==9702==    by 0x50CC3F1: _IO_default_uflow (genops.c:380)
==9702==    by 0x50A9BE9: _IO_vfscanf (vfscanf.c:630)
==9702==    by 0x50B9FD7: __isoc99_scanf (isoc99_scanf.c:37)
==9702==    by 0x108759: main (main.c:11)
==9702== 
==9702== HEAP SUMMARY:
==9702==     in use at exit: 0 bytes in 0 blocks
==9702==   total heap usage: 1 allocs, 1 frees, 1,024 bytes allocated
==9702== 
==9702== All heap blocks were freed -- no leaks are possible
==9702== 
==9702== For counts of detected and suppressed errors, rerun with: -v
==9702== ERROR SUMMARY: 0 errors from 0 contexts (suppressed: 0 from 0)
