==520== Memcheck, a memory error detector
==520== Copyright (C) 2002-2017, and GNU GPL'd, by Julian Seward et al.
==520== Using Valgrind-3.13.0 and LibVEX; rerun with -h for copyright info
==520== Command: /rhome/j/jhasanovic1/workspace/OR/ZSR4/Z15/.runme
==520== Parent PID: 507
==520== 
==520== Warning: set address range perms: large range [0x10086040, 0x25134350) (undefined)
==520== 
==520== Process terminating with default action of signal 24 (SIGXCPU): dumping core
==520==    at 0x509DAE8: hack_digit (printf_fp.c:175)
==520==    by 0x509DAE8: __printf_fp_l (printf_fp.c:962)
==520==    by 0x509AA06: vfprintf (vfprintf.c:1642)
==520==    by 0x509C67F: buffered_vfprintf (vfprintf.c:2329)
==520==    by 0x5099725: vfprintf (vfprintf.c:1301)
==520==    by 0x50A2F25: printf (printf.c:33)
==520==    by 0x1088A6: main (main.c:20)
==520== 
==520== HEAP SUMMARY:
==520==     in use at exit: 441,293,808 bytes in 2 blocks
==520==   total heap usage: 4 allocs, 2 frees, 529,549,299 bytes allocated
==520== 
==520== LEAK SUMMARY:
==520==    definitely lost: 0 bytes in 0 blocks
==520==    indirectly lost: 0 bytes in 0 blocks
==520==      possibly lost: 0 bytes in 0 blocks
==520==    still reachable: 441,293,808 bytes in 2 blocks
==520==         suppressed: 0 bytes in 0 blocks
==520== Reachable blocks (those to which a pointer was found) are not shown.
==520== To see them, rerun with: --leak-check=full --show-leak-kinds=all
==520== 
==520== For counts of detected and suppressed errors, rerun with: -v
==520== ERROR SUMMARY: 0 errors from 0 contexts (suppressed: 0 from 0)
