==1380== Memcheck, a memory error detector
==1380== Copyright (C) 2002-2017, and GNU GPL'd, by Julian Seward et al.
==1380== Using Valgrind-3.13.0 and LibVEX; rerun with -h for copyright info
==1380== Command: /rhome/j/jhasanovic1/workspace/OR/ZSR6/Z1/.runme
==1380== Parent PID: 1367
==1380== 
==1380== 
==1380== Process terminating with default action of signal 15 (SIGTERM)
==1380==    at 0x514E081: read (read.c:27)
==1380==    by 0x50CB147: _IO_file_underflow@@GLIBC_2.2.5 (fileops.c:531)
==1380==    by 0x50CC3F1: _IO_default_uflow (genops.c:380)
==1380==    by 0x50A9BE9: _IO_vfscanf (vfscanf.c:630)
==1380==    by 0x50B9FD7: __isoc99_scanf (isoc99_scanf.c:37)
==1380==    by 0x1087F9: main (main.c:9)
==1380== 
==1380== HEAP SUMMARY:
==1380==     in use at exit: 0 bytes in 0 blocks
==1380==   total heap usage: 1 allocs, 1 frees, 1,024 bytes allocated
==1380== 
==1380== All heap blocks were freed -- no leaks are possible
==1380== 
==1380== For counts of detected and suppressed errors, rerun with: -v
==1380== ERROR SUMMARY: 0 errors from 0 contexts (suppressed: 0 from 0)
